CRITICAL - 2023-08-09 20:38:51 --> Class "App\Models\ExportarModel" not found
in APPPATH\Controllers\Exportar.php on line 23.
 1 SYSTEMPATH\CodeIgniter.php(932): App\Controllers\Exportar->index()
 2 SYSTEMPATH\CodeIgniter.php(497): CodeIgniter\CodeIgniter->runController(Object(App\Controllers\Exportar))
 3 SYSTEMPATH\CodeIgniter.php(366): CodeIgniter\CodeIgniter->handleRequest(null, Object(Config\Cache), false)
 4 FCPATH\index.php(67): CodeIgniter\CodeIgniter->run()
CRITICAL - 2023-08-09 20:39:01 --> Class "App\Models\ExportarModel" not found
in APPPATH\Controllers\Exportar.php on line 23.
 1 SYSTEMPATH\CodeIgniter.php(932): App\Controllers\Exportar->index()
 2 SYSTEMPATH\CodeIgniter.php(497): CodeIgniter\CodeIgniter->runController(Object(App\Controllers\Exportar))
 3 SYSTEMPATH\CodeIgniter.php(366): CodeIgniter\CodeIgniter->handleRequest(null, Object(Config\Cache), false)
 4 FCPATH\index.php(67): CodeIgniter\CodeIgniter->run()
CRITICAL - 2023-08-09 20:40:05 --> Class "App\Models\ExportarModel" not found
in APPPATH\Controllers\Exportar.php on line 23.
 1 SYSTEMPATH\CodeIgniter.php(932): App\Controllers\Exportar->index()
 2 SYSTEMPATH\CodeIgniter.php(497): CodeIgniter\CodeIgniter->runController(Object(App\Controllers\Exportar))
 3 SYSTEMPATH\CodeIgniter.php(366): CodeIgniter\CodeIgniter->handleRequest(null, Object(Config\Cache), false)
 4 FCPATH\index.php(67): CodeIgniter\CodeIgniter->run()
CRITICAL - 2023-08-09 20:42:05 --> Class "App\Models\ExportarModel" not found
in APPPATH\Controllers\Exportar.php on line 23.
 1 SYSTEMPATH\CodeIgniter.php(932): App\Controllers\Exportar->index()
 2 SYSTEMPATH\CodeIgniter.php(497): CodeIgniter\CodeIgniter->runController(Object(App\Controllers\Exportar))
 3 SYSTEMPATH\CodeIgniter.php(366): CodeIgniter\CodeIgniter->handleRequest(null, Object(Config\Cache), false)
 4 FCPATH\index.php(67): CodeIgniter\CodeIgniter->run()
CRITICAL - 2023-08-09 20:43:29 --> Class "App\Models\ExportarModel" not found
in APPPATH\Controllers\Exportar.php on line 23.
 1 SYSTEMPATH\CodeIgniter.php(932): App\Controllers\Exportar->index()
 2 SYSTEMPATH\CodeIgniter.php(497): CodeIgniter\CodeIgniter->runController(Object(App\Controllers\Exportar))
 3 SYSTEMPATH\CodeIgniter.php(366): CodeIgniter\CodeIgniter->handleRequest(null, Object(Config\Cache), false)
 4 FCPATH\index.php(67): CodeIgniter\CodeIgniter->run()
CRITICAL - 2023-08-09 20:53:05 --> Class "App\Models\ExportarModel" not found
in APPPATH\Controllers\Exportar.php on line 19.
 1 SYSTEMPATH\CodeIgniter.php(932): App\Controllers\Exportar->index()
 2 SYSTEMPATH\CodeIgniter.php(497): CodeIgniter\CodeIgniter->runController(Object(App\Controllers\Exportar))
 3 SYSTEMPATH\CodeIgniter.php(366): CodeIgniter\CodeIgniter->handleRequest(null, Object(Config\Cache), false)
 4 FCPATH\index.php(67): CodeIgniter\CodeIgniter->run()
CRITICAL - 2023-08-09 21:47:46 --> Class "App\Models\ExportarModel" not found
in APPPATH\Controllers\Exportar.php on line 19.
 1 SYSTEMPATH\CodeIgniter.php(932): App\Controllers\Exportar->index()
 2 SYSTEMPATH\CodeIgniter.php(497): CodeIgniter\CodeIgniter->runController(Object(App\Controllers\Exportar))
 3 SYSTEMPATH\CodeIgniter.php(366): CodeIgniter\CodeIgniter->handleRequest(null, Object(Config\Cache), false)
 4 FCPATH\index.php(67): CodeIgniter\CodeIgniter->run()
CRITICAL - 2023-08-09 21:56:54 --> Class "App\Models\ExportarModel" not found
in APPPATH\Controllers\Exportar.php on line 19.
 1 SYSTEMPATH\CodeIgniter.php(932): App\Controllers\Exportar->index()
 2 SYSTEMPATH\CodeIgniter.php(497): CodeIgniter\CodeIgniter->runController(Object(App\Controllers\Exportar))
 3 SYSTEMPATH\CodeIgniter.php(366): CodeIgniter\CodeIgniter->handleRequest(null, Object(Config\Cache), false)
 4 FCPATH\index.php(67): CodeIgniter\CodeIgniter->run()
CRITICAL - 2023-08-09 22:00:14 --> syntax error, unexpected token "if"
in APPPATH\Controllers\Exportar.php on line 19.
 1 SYSTEMPATH\Autoloader\Autoloader.php(291): CodeIgniter\Autoloader\Autoloader->includeFile('C:\\xampp\\htdocs\\code\\app\\Controllers\\Exportar.php')
 2 SYSTEMPATH\Autoloader\Autoloader.php(269): CodeIgniter\Autoloader\Autoloader->loadInNamespace('App\\Controllers\\Exportar')
 3 [internal function]: CodeIgniter\Autoloader\Autoloader->loadClass('App\\Controllers\\Exportar')
 4 SYSTEMPATH\CodeIgniter.php(890): class_exists('\\App\\Controllers\\Exportar', true)
 5 SYSTEMPATH\CodeIgniter.php(484): CodeIgniter\CodeIgniter->startController()
 6 SYSTEMPATH\CodeIgniter.php(366): CodeIgniter\CodeIgniter->handleRequest(null, Object(Config\Cache), false)
 7 FCPATH\index.php(67): CodeIgniter\CodeIgniter->run()
CRITICAL - 2023-08-09 22:06:16 --> Class "App\Models\ExportarModel" not found
in APPPATH\Controllers\Exportar.php on line 20.
 1 SYSTEMPATH\CodeIgniter.php(932): App\Controllers\Exportar->index()
 2 SYSTEMPATH\CodeIgniter.php(497): CodeIgniter\CodeIgniter->runController(Object(App\Controllers\Exportar))
 3 SYSTEMPATH\CodeIgniter.php(366): CodeIgniter\CodeIgniter->handleRequest(null, Object(Config\Cache), false)
 4 FCPATH\index.php(67): CodeIgniter\CodeIgniter->run()
CRITICAL - 2023-08-09 22:07:56 --> Class "App\Models\ExportarModel" not found
in APPPATH\Controllers\Exportar.php on line 20.
 1 SYSTEMPATH\CodeIgniter.php(932): App\Controllers\Exportar->index()
 2 SYSTEMPATH\CodeIgniter.php(497): CodeIgniter\CodeIgniter->runController(Object(App\Controllers\Exportar))
 3 SYSTEMPATH\CodeIgniter.php(366): CodeIgniter\CodeIgniter->handleRequest(null, Object(Config\Cache), false)
 4 FCPATH\index.php(67): CodeIgniter\CodeIgniter->run()
CRITICAL - 2023-08-09 22:11:09 --> Class "App\Models\ExportarModel" not found
in APPPATH\Controllers\Exportar.php on line 20.
 1 SYSTEMPATH\CodeIgniter.php(932): App\Controllers\Exportar->index()
 2 SYSTEMPATH\CodeIgniter.php(497): CodeIgniter\CodeIgniter->runController(Object(App\Controllers\Exportar))
 3 SYSTEMPATH\CodeIgniter.php(366): CodeIgniter\CodeIgniter->handleRequest(null, Object(Config\Cache), false)
 4 FCPATH\index.php(67): CodeIgniter\CodeIgniter->run()
CRITICAL - 2023-08-09 22:11:31 --> Class "App\Models\ExportarModel" not found
in APPPATH\Controllers\Exportar.php on line 20.
 1 SYSTEMPATH\CodeIgniter.php(932): App\Controllers\Exportar->index()
 2 SYSTEMPATH\CodeIgniter.php(497): CodeIgniter\CodeIgniter->runController(Object(App\Controllers\Exportar))
 3 SYSTEMPATH\CodeIgniter.php(366): CodeIgniter\CodeIgniter->handleRequest(null, Object(Config\Cache), false)
 4 FCPATH\index.php(67): CodeIgniter\CodeIgniter->run()
CRITICAL - 2023-08-09 22:14:27 --> Class "App\Models\ExportarModel" not found
in APPPATH\Controllers\Exportar.php on line 20.
 1 SYSTEMPATH\CodeIgniter.php(932): App\Controllers\Exportar->index()
 2 SYSTEMPATH\CodeIgniter.php(497): CodeIgniter\CodeIgniter->runController(Object(App\Controllers\Exportar))
 3 SYSTEMPATH\CodeIgniter.php(366): CodeIgniter\CodeIgniter->handleRequest(null, Object(Config\Cache), false)
 4 FCPATH\index.php(67): CodeIgniter\CodeIgniter->run()
CRITICAL - 2023-08-09 22:14:32 --> Class "App\Models\ExportarModel" not found
in APPPATH\Controllers\Exportar.php on line 20.
 1 SYSTEMPATH\CodeIgniter.php(932): App\Controllers\Exportar->index()
 2 SYSTEMPATH\CodeIgniter.php(497): CodeIgniter\CodeIgniter->runController(Object(App\Controllers\Exportar))
 3 SYSTEMPATH\CodeIgniter.php(366): CodeIgniter\CodeIgniter->handleRequest(null, Object(Config\Cache), false)
 4 FCPATH\index.php(67): CodeIgniter\CodeIgniter->run()
CRITICAL - 2023-08-09 22:16:27 --> Class "App\Models\ExportarModel" not found
in APPPATH\Controllers\Exportar.php on line 16.
 1 SYSTEMPATH\CodeIgniter.php(932): App\Controllers\Exportar->index()
 2 SYSTEMPATH\CodeIgniter.php(497): CodeIgniter\CodeIgniter->runController(Object(App\Controllers\Exportar))
 3 SYSTEMPATH\CodeIgniter.php(366): CodeIgniter\CodeIgniter->handleRequest(null, Object(Config\Cache), false)
 4 FCPATH\index.php(67): CodeIgniter\CodeIgniter->run()
CRITICAL - 2023-08-09 22:21:39 --> Class "App\Models\ExportarModel" not found
in APPPATH\Controllers\Exportar.php on line 20.
 1 SYSTEMPATH\CodeIgniter.php(932): App\Controllers\Exportar->index()
 2 SYSTEMPATH\CodeIgniter.php(497): CodeIgniter\CodeIgniter->runController(Object(App\Controllers\Exportar))
 3 SYSTEMPATH\CodeIgniter.php(366): CodeIgniter\CodeIgniter->handleRequest(null, Object(Config\Cache), false)
 4 FCPATH\index.php(67): CodeIgniter\CodeIgniter->run()
CRITICAL - 2023-08-09 22:47:37 --> Object of class CodeIgniter\Router\RouteCollection could not be converted to string
in APPPATH\Config\Routes.php on line 41.
 1 SYSTEMPATH\Router\RouteCollection.php(267): require()
 2 SYSTEMPATH\CodeIgniter.php(800): CodeIgniter\Router\RouteCollection->loadRoutes()
 3 SYSTEMPATH\CodeIgniter.php(447): CodeIgniter\CodeIgniter->tryToRouteIt(null)
 4 SYSTEMPATH\CodeIgniter.php(366): CodeIgniter\CodeIgniter->handleRequest(null, Object(Config\Cache), false)
 5 FCPATH\index.php(67): CodeIgniter\CodeIgniter->run()
CRITICAL - 2023-08-09 22:47:39 --> Object of class CodeIgniter\Router\RouteCollection could not be converted to string
in APPPATH\Config\Routes.php on line 41.
 1 SYSTEMPATH\Router\RouteCollection.php(267): require()
 2 SYSTEMPATH\CodeIgniter.php(800): CodeIgniter\Router\RouteCollection->loadRoutes()
 3 SYSTEMPATH\CodeIgniter.php(447): CodeIgniter\CodeIgniter->tryToRouteIt(null)
 4 SYSTEMPATH\CodeIgniter.php(366): CodeIgniter\CodeIgniter->handleRequest(null, Object(Config\Cache), false)
 5 FCPATH\index.php(67): CodeIgniter\CodeIgniter->run()
CRITICAL - 2023-08-09 22:48:35 --> Object of class CodeIgniter\Router\RouteCollection could not be converted to string
in APPPATH\Config\Routes.php on line 41.
 1 SYSTEMPATH\Router\RouteCollection.php(267): require()
 2 SYSTEMPATH\CodeIgniter.php(800): CodeIgniter\Router\RouteCollection->loadRoutes()
 3 SYSTEMPATH\CodeIgniter.php(447): CodeIgniter\CodeIgniter->tryToRouteIt(null)
 4 SYSTEMPATH\CodeIgniter.php(366): CodeIgniter\CodeIgniter->handleRequest(null, Object(Config\Cache), false)
 5 FCPATH\index.php(67): CodeIgniter\CodeIgniter->run()
CRITICAL - 2023-08-09 22:48:36 --> Object of class CodeIgniter\Router\RouteCollection could not be converted to string
in APPPATH\Config\Routes.php on line 41.
 1 SYSTEMPATH\Router\RouteCollection.php(267): require()
 2 SYSTEMPATH\CodeIgniter.php(800): CodeIgniter\Router\RouteCollection->loadRoutes()
 3 SYSTEMPATH\CodeIgniter.php(447): CodeIgniter\CodeIgniter->tryToRouteIt(null)
 4 SYSTEMPATH\CodeIgniter.php(366): CodeIgniter\CodeIgniter->handleRequest(null, Object(Config\Cache), false)
 5 FCPATH\index.php(67): CodeIgniter\CodeIgniter->run()
CRITICAL - 2023-08-09 22:48:36 --> Object of class CodeIgniter\Router\RouteCollection could not be converted to string
in APPPATH\Config\Routes.php on line 41.
 1 SYSTEMPATH\Router\RouteCollection.php(267): require()
 2 SYSTEMPATH\CodeIgniter.php(800): CodeIgniter\Router\RouteCollection->loadRoutes()
 3 SYSTEMPATH\CodeIgniter.php(447): CodeIgniter\CodeIgniter->tryToRouteIt(null)
 4 SYSTEMPATH\CodeIgniter.php(366): CodeIgniter\CodeIgniter->handleRequest(null, Object(Config\Cache), false)
 5 FCPATH\index.php(67): CodeIgniter\CodeIgniter->run()
CRITICAL - 2023-08-09 22:48:47 --> Object of class CodeIgniter\Router\RouteCollection could not be converted to string
in APPPATH\Config\Routes.php on line 41.
 1 SYSTEMPATH\Router\RouteCollection.php(267): require()
 2 SYSTEMPATH\CodeIgniter.php(800): CodeIgniter\Router\RouteCollection->loadRoutes()
 3 SYSTEMPATH\CodeIgniter.php(447): CodeIgniter\CodeIgniter->tryToRouteIt(null)
 4 SYSTEMPATH\CodeIgniter.php(366): CodeIgniter\CodeIgniter->handleRequest(null, Object(Config\Cache), false)
 5 FCPATH\index.php(67): CodeIgniter\CodeIgniter->run()
CRITICAL - 2023-08-09 22:48:47 --> Object of class CodeIgniter\Router\RouteCollection could not be converted to string
in APPPATH\Config\Routes.php on line 41.
 1 SYSTEMPATH\Router\RouteCollection.php(267): require()
 2 SYSTEMPATH\CodeIgniter.php(800): CodeIgniter\Router\RouteCollection->loadRoutes()
 3 SYSTEMPATH\CodeIgniter.php(447): CodeIgniter\CodeIgniter->tryToRouteIt(null)
 4 SYSTEMPATH\CodeIgniter.php(366): CodeIgniter\CodeIgniter->handleRequest(null, Object(Config\Cache), false)
 5 FCPATH\index.php(67): CodeIgniter\CodeIgniter->run()
CRITICAL - 2023-08-09 22:48:48 --> Object of class CodeIgniter\Router\RouteCollection could not be converted to string
in APPPATH\Config\Routes.php on line 41.
 1 SYSTEMPATH\Router\RouteCollection.php(267): require()
 2 SYSTEMPATH\CodeIgniter.php(800): CodeIgniter\Router\RouteCollection->loadRoutes()
 3 SYSTEMPATH\CodeIgniter.php(447): CodeIgniter\CodeIgniter->tryToRouteIt(null)
 4 SYSTEMPATH\CodeIgniter.php(366): CodeIgniter\CodeIgniter->handleRequest(null, Object(Config\Cache), false)
 5 FCPATH\index.php(67): CodeIgniter\CodeIgniter->run()
CRITICAL - 2023-08-09 22:48:48 --> Object of class CodeIgniter\Router\RouteCollection could not be converted to string
in APPPATH\Config\Routes.php on line 41.
 1 SYSTEMPATH\Router\RouteCollection.php(267): require()
 2 SYSTEMPATH\CodeIgniter.php(800): CodeIgniter\Router\RouteCollection->loadRoutes()
 3 SYSTEMPATH\CodeIgniter.php(447): CodeIgniter\CodeIgniter->tryToRouteIt(null)
 4 SYSTEMPATH\CodeIgniter.php(366): CodeIgniter\CodeIgniter->handleRequest(null, Object(Config\Cache), false)
 5 FCPATH\index.php(67): CodeIgniter\CodeIgniter->run()
CRITICAL - 2023-08-09 22:48:50 --> Object of class CodeIgniter\Router\RouteCollection could not be converted to string
in APPPATH\Config\Routes.php on line 41.
 1 SYSTEMPATH\Router\RouteCollection.php(267): require()
 2 SYSTEMPATH\CodeIgniter.php(800): CodeIgniter\Router\RouteCollection->loadRoutes()
 3 SYSTEMPATH\CodeIgniter.php(447): CodeIgniter\CodeIgniter->tryToRouteIt(null)
 4 SYSTEMPATH\CodeIgniter.php(366): CodeIgniter\CodeIgniter->handleRequest(null, Object(Config\Cache), false)
 5 FCPATH\index.php(67): CodeIgniter\CodeIgniter->run()
CRITICAL - 2023-08-09 22:48:50 --> Object of class CodeIgniter\Router\RouteCollection could not be converted to string
in APPPATH\Config\Routes.php on line 41.
 1 SYSTEMPATH\Router\RouteCollection.php(267): require()
 2 SYSTEMPATH\CodeIgniter.php(800): CodeIgniter\Router\RouteCollection->loadRoutes()
 3 SYSTEMPATH\CodeIgniter.php(447): CodeIgniter\CodeIgniter->tryToRouteIt(null)
 4 SYSTEMPATH\CodeIgniter.php(366): CodeIgniter\CodeIgniter->handleRequest(null, Object(Config\Cache), false)
 5 FCPATH\index.php(67): CodeIgniter\CodeIgniter->run()
CRITICAL - 2023-08-09 22:48:53 --> Object of class CodeIgniter\Router\RouteCollection could not be converted to string
in APPPATH\Config\Routes.php on line 41.
 1 SYSTEMPATH\Router\RouteCollection.php(267): require()
 2 SYSTEMPATH\CodeIgniter.php(800): CodeIgniter\Router\RouteCollection->loadRoutes()
 3 SYSTEMPATH\CodeIgniter.php(447): CodeIgniter\CodeIgniter->tryToRouteIt(null)
 4 SYSTEMPATH\CodeIgniter.php(366): CodeIgniter\CodeIgniter->handleRequest(null, Object(Config\Cache), false)
 5 FCPATH\index.php(67): CodeIgniter\CodeIgniter->run()
CRITICAL - 2023-08-09 22:49:51 --> Object of class CodeIgniter\Router\RouteCollection could not be converted to string
in APPPATH\Config\Routes.php on line 41.
 1 SYSTEMPATH\Router\RouteCollection.php(267): require()
 2 SYSTEMPATH\CodeIgniter.php(800): CodeIgniter\Router\RouteCollection->loadRoutes()
 3 SYSTEMPATH\CodeIgniter.php(447): CodeIgniter\CodeIgniter->tryToRouteIt(null)
 4 SYSTEMPATH\CodeIgniter.php(366): CodeIgniter\CodeIgniter->handleRequest(null, Object(Config\Cache), false)
 5 FCPATH\index.php(67): CodeIgniter\CodeIgniter->run()
CRITICAL - 2023-08-09 22:49:52 --> Object of class CodeIgniter\Router\RouteCollection could not be converted to string
in APPPATH\Config\Routes.php on line 41.
 1 SYSTEMPATH\Router\RouteCollection.php(267): require()
 2 SYSTEMPATH\CodeIgniter.php(800): CodeIgniter\Router\RouteCollection->loadRoutes()
 3 SYSTEMPATH\CodeIgniter.php(447): CodeIgniter\CodeIgniter->tryToRouteIt(null)
 4 SYSTEMPATH\CodeIgniter.php(366): CodeIgniter\CodeIgniter->handleRequest(null, Object(Config\Cache), false)
 5 FCPATH\index.php(67): CodeIgniter\CodeIgniter->run()
