CRITICAL - 2023-08-12 20:29:16 --> Undefined variable $registro
in APPPATH\Views\dashboard\index.php on line 132.
 1 APPPATH\Views\dashboard\index.php(132): CodeIgniter\Debug\Exceptions->errorHandler(2, 'Undefined variable $registro', 'C:\\xampp\\htdocs\\code\\app\\Views\\dashboard\\index.php', 132)
 2 SYSTEMPATH\View\View.php(224): include('C:\\xampp\\htdocs\\code\\app\\Views\\dashboard\\index.php')
 3 SYSTEMPATH\View\View.php(227): CodeIgniter\View\View->CodeIgniter\View\{closure}()
 4 SYSTEMPATH\Common.php(1176): CodeIgniter\View\View->render('dashboard/index', [], true)
 5 APPPATH\Controllers\Dashboard.php(19): view('dashboard/index', [...])
 6 SYSTEMPATH\CodeIgniter.php(932): App\Controllers\Dashboard->index()
 7 SYSTEMPATH\CodeIgniter.php(497): CodeIgniter\CodeIgniter->runController(Object(App\Controllers\Dashboard))
 8 SYSTEMPATH\CodeIgniter.php(366): CodeIgniter\CodeIgniter->handleRequest(null, Object(Config\Cache), false)
 9 FCPATH\index.php(67): CodeIgniter\CodeIgniter->run()
CRITICAL - 2023-08-12 20:29:18 --> Undefined variable $registro
in APPPATH\Views\dashboard\index.php on line 132.
 1 APPPATH\Views\dashboard\index.php(132): CodeIgniter\Debug\Exceptions->errorHandler(2, 'Undefined variable $registro', 'C:\\xampp\\htdocs\\code\\app\\Views\\dashboard\\index.php', 132)
 2 SYSTEMPATH\View\View.php(224): include('C:\\xampp\\htdocs\\code\\app\\Views\\dashboard\\index.php')
 3 SYSTEMPATH\View\View.php(227): CodeIgniter\View\View->CodeIgniter\View\{closure}()
 4 SYSTEMPATH\Common.php(1176): CodeIgniter\View\View->render('dashboard/index', [], true)
 5 APPPATH\Controllers\Dashboard.php(19): view('dashboard/index', [...])
 6 SYSTEMPATH\CodeIgniter.php(932): App\Controllers\Dashboard->index()
 7 SYSTEMPATH\CodeIgniter.php(497): CodeIgniter\CodeIgniter->runController(Object(App\Controllers\Dashboard))
 8 SYSTEMPATH\CodeIgniter.php(366): CodeIgniter\CodeIgniter->handleRequest(null, Object(Config\Cache), false)
 9 FCPATH\index.php(67): CodeIgniter\CodeIgniter->run()
CRITICAL - 2023-08-12 20:29:19 --> Undefined variable $registro
in APPPATH\Views\dashboard\index.php on line 132.
 1 APPPATH\Views\dashboard\index.php(132): CodeIgniter\Debug\Exceptions->errorHandler(2, 'Undefined variable $registro', 'C:\\xampp\\htdocs\\code\\app\\Views\\dashboard\\index.php', 132)
 2 SYSTEMPATH\View\View.php(224): include('C:\\xampp\\htdocs\\code\\app\\Views\\dashboard\\index.php')
 3 SYSTEMPATH\View\View.php(227): CodeIgniter\View\View->CodeIgniter\View\{closure}()
 4 SYSTEMPATH\Common.php(1176): CodeIgniter\View\View->render('dashboard/index', [], true)
 5 APPPATH\Controllers\Dashboard.php(19): view('dashboard/index', [...])
 6 SYSTEMPATH\CodeIgniter.php(932): App\Controllers\Dashboard->index()
 7 SYSTEMPATH\CodeIgniter.php(497): CodeIgniter\CodeIgniter->runController(Object(App\Controllers\Dashboard))
 8 SYSTEMPATH\CodeIgniter.php(366): CodeIgniter\CodeIgniter->handleRequest(null, Object(Config\Cache), false)
 9 FCPATH\index.php(67): CodeIgniter\CodeIgniter->run()
CRITICAL - 2023-08-12 20:29:20 --> Undefined variable $registro
in APPPATH\Views\dashboard\index.php on line 132.
 1 APPPATH\Views\dashboard\index.php(132): CodeIgniter\Debug\Exceptions->errorHandler(2, 'Undefined variable $registro', 'C:\\xampp\\htdocs\\code\\app\\Views\\dashboard\\index.php', 132)
 2 SYSTEMPATH\View\View.php(224): include('C:\\xampp\\htdocs\\code\\app\\Views\\dashboard\\index.php')
 3 SYSTEMPATH\View\View.php(227): CodeIgniter\View\View->CodeIgniter\View\{closure}()
 4 SYSTEMPATH\Common.php(1176): CodeIgniter\View\View->render('dashboard/index', [], true)
 5 APPPATH\Controllers\Dashboard.php(19): view('dashboard/index', [...])
 6 SYSTEMPATH\CodeIgniter.php(932): App\Controllers\Dashboard->index()
 7 SYSTEMPATH\CodeIgniter.php(497): CodeIgniter\CodeIgniter->runController(Object(App\Controllers\Dashboard))
 8 SYSTEMPATH\CodeIgniter.php(366): CodeIgniter\CodeIgniter->handleRequest(null, Object(Config\Cache), false)
 9 FCPATH\index.php(67): CodeIgniter\CodeIgniter->run()
CRITICAL - 2023-08-12 20:29:21 --> Undefined variable $registro
in APPPATH\Views\dashboard\index.php on line 132.
 1 APPPATH\Views\dashboard\index.php(132): CodeIgniter\Debug\Exceptions->errorHandler(2, 'Undefined variable $registro', 'C:\\xampp\\htdocs\\code\\app\\Views\\dashboard\\index.php', 132)
 2 SYSTEMPATH\View\View.php(224): include('C:\\xampp\\htdocs\\code\\app\\Views\\dashboard\\index.php')
 3 SYSTEMPATH\View\View.php(227): CodeIgniter\View\View->CodeIgniter\View\{closure}()
 4 SYSTEMPATH\Common.php(1176): CodeIgniter\View\View->render('dashboard/index', [], true)
 5 APPPATH\Controllers\Dashboard.php(19): view('dashboard/index', [...])
 6 SYSTEMPATH\CodeIgniter.php(932): App\Controllers\Dashboard->index()
 7 SYSTEMPATH\CodeIgniter.php(497): CodeIgniter\CodeIgniter->runController(Object(App\Controllers\Dashboard))
 8 SYSTEMPATH\CodeIgniter.php(366): CodeIgniter\CodeIgniter->handleRequest(null, Object(Config\Cache), false)
 9 FCPATH\index.php(67): CodeIgniter\CodeIgniter->run()
CRITICAL - 2023-08-12 20:29:21 --> Undefined variable $registro
in APPPATH\Views\dashboard\index.php on line 132.
 1 APPPATH\Views\dashboard\index.php(132): CodeIgniter\Debug\Exceptions->errorHandler(2, 'Undefined variable $registro', 'C:\\xampp\\htdocs\\code\\app\\Views\\dashboard\\index.php', 132)
 2 SYSTEMPATH\View\View.php(224): include('C:\\xampp\\htdocs\\code\\app\\Views\\dashboard\\index.php')
 3 SYSTEMPATH\View\View.php(227): CodeIgniter\View\View->CodeIgniter\View\{closure}()
 4 SYSTEMPATH\Common.php(1176): CodeIgniter\View\View->render('dashboard/index', [], true)
 5 APPPATH\Controllers\Dashboard.php(19): view('dashboard/index', [...])
 6 SYSTEMPATH\CodeIgniter.php(932): App\Controllers\Dashboard->index()
 7 SYSTEMPATH\CodeIgniter.php(497): CodeIgniter\CodeIgniter->runController(Object(App\Controllers\Dashboard))
 8 SYSTEMPATH\CodeIgniter.php(366): CodeIgniter\CodeIgniter->handleRequest(null, Object(Config\Cache), false)
 9 FCPATH\index.php(67): CodeIgniter\CodeIgniter->run()
CRITICAL - 2023-08-12 20:34:04 --> Undefined variable $registro
in APPPATH\Views\dashboard\index.php on line 132.
 1 APPPATH\Views\dashboard\index.php(132): CodeIgniter\Debug\Exceptions->errorHandler(2, 'Undefined variable $registro', 'C:\\xampp\\htdocs\\code\\app\\Views\\dashboard\\index.php', 132)
 2 SYSTEMPATH\View\View.php(224): include('C:\\xampp\\htdocs\\code\\app\\Views\\dashboard\\index.php')
 3 SYSTEMPATH\View\View.php(227): CodeIgniter\View\View->CodeIgniter\View\{closure}()
 4 SYSTEMPATH\Common.php(1176): CodeIgniter\View\View->render('dashboard/index', [], true)
 5 APPPATH\Controllers\Dashboard.php(19): view('dashboard/index', [...])
 6 SYSTEMPATH\CodeIgniter.php(932): App\Controllers\Dashboard->index()
 7 SYSTEMPATH\CodeIgniter.php(497): CodeIgniter\CodeIgniter->runController(Object(App\Controllers\Dashboard))
 8 SYSTEMPATH\CodeIgniter.php(366): CodeIgniter\CodeIgniter->handleRequest(null, Object(Config\Cache), false)
 9 FCPATH\index.php(67): CodeIgniter\CodeIgniter->run()
CRITICAL - 2023-08-12 20:34:05 --> Undefined variable $registro
in APPPATH\Views\dashboard\index.php on line 132.
 1 APPPATH\Views\dashboard\index.php(132): CodeIgniter\Debug\Exceptions->errorHandler(2, 'Undefined variable $registro', 'C:\\xampp\\htdocs\\code\\app\\Views\\dashboard\\index.php', 132)
 2 SYSTEMPATH\View\View.php(224): include('C:\\xampp\\htdocs\\code\\app\\Views\\dashboard\\index.php')
 3 SYSTEMPATH\View\View.php(227): CodeIgniter\View\View->CodeIgniter\View\{closure}()
 4 SYSTEMPATH\Common.php(1176): CodeIgniter\View\View->render('dashboard/index', [], true)
 5 APPPATH\Controllers\Dashboard.php(19): view('dashboard/index', [...])
 6 SYSTEMPATH\CodeIgniter.php(932): App\Controllers\Dashboard->index()
 7 SYSTEMPATH\CodeIgniter.php(497): CodeIgniter\CodeIgniter->runController(Object(App\Controllers\Dashboard))
 8 SYSTEMPATH\CodeIgniter.php(366): CodeIgniter\CodeIgniter->handleRequest(null, Object(Config\Cache), false)
 9 FCPATH\index.php(67): CodeIgniter\CodeIgniter->run()
CRITICAL - 2023-08-12 20:34:05 --> Undefined variable $registro
in APPPATH\Views\dashboard\index.php on line 132.
 1 APPPATH\Views\dashboard\index.php(132): CodeIgniter\Debug\Exceptions->errorHandler(2, 'Undefined variable $registro', 'C:\\xampp\\htdocs\\code\\app\\Views\\dashboard\\index.php', 132)
 2 SYSTEMPATH\View\View.php(224): include('C:\\xampp\\htdocs\\code\\app\\Views\\dashboard\\index.php')
 3 SYSTEMPATH\View\View.php(227): CodeIgniter\View\View->CodeIgniter\View\{closure}()
 4 SYSTEMPATH\Common.php(1176): CodeIgniter\View\View->render('dashboard/index', [], true)
 5 APPPATH\Controllers\Dashboard.php(19): view('dashboard/index', [...])
 6 SYSTEMPATH\CodeIgniter.php(932): App\Controllers\Dashboard->index()
 7 SYSTEMPATH\CodeIgniter.php(497): CodeIgniter\CodeIgniter->runController(Object(App\Controllers\Dashboard))
 8 SYSTEMPATH\CodeIgniter.php(366): CodeIgniter\CodeIgniter->handleRequest(null, Object(Config\Cache), false)
 9 FCPATH\index.php(67): CodeIgniter\CodeIgniter->run()
CRITICAL - 2023-08-12 20:34:05 --> Undefined variable $registro
in APPPATH\Views\dashboard\index.php on line 132.
 1 APPPATH\Views\dashboard\index.php(132): CodeIgniter\Debug\Exceptions->errorHandler(2, 'Undefined variable $registro', 'C:\\xampp\\htdocs\\code\\app\\Views\\dashboard\\index.php', 132)
 2 SYSTEMPATH\View\View.php(224): include('C:\\xampp\\htdocs\\code\\app\\Views\\dashboard\\index.php')
 3 SYSTEMPATH\View\View.php(227): CodeIgniter\View\View->CodeIgniter\View\{closure}()
 4 SYSTEMPATH\Common.php(1176): CodeIgniter\View\View->render('dashboard/index', [], true)
 5 APPPATH\Controllers\Dashboard.php(19): view('dashboard/index', [...])
 6 SYSTEMPATH\CodeIgniter.php(932): App\Controllers\Dashboard->index()
 7 SYSTEMPATH\CodeIgniter.php(497): CodeIgniter\CodeIgniter->runController(Object(App\Controllers\Dashboard))
 8 SYSTEMPATH\CodeIgniter.php(366): CodeIgniter\CodeIgniter->handleRequest(null, Object(Config\Cache), false)
 9 FCPATH\index.php(67): CodeIgniter\CodeIgniter->run()
CRITICAL - 2023-08-12 20:54:54 --> Undefined variable $registro
in APPPATH\Views\dashboard\index.php on line 132.
 1 APPPATH\Views\dashboard\index.php(132): CodeIgniter\Debug\Exceptions->errorHandler(2, 'Undefined variable $registro', 'C:\\xampp\\htdocs\\code\\app\\Views\\dashboard\\index.php', 132)
 2 SYSTEMPATH\View\View.php(224): include('C:\\xampp\\htdocs\\code\\app\\Views\\dashboard\\index.php')
 3 SYSTEMPATH\View\View.php(227): CodeIgniter\View\View->CodeIgniter\View\{closure}()
 4 SYSTEMPATH\Common.php(1176): CodeIgniter\View\View->render('dashboard/index', [], true)
 5 APPPATH\Controllers\Dashboard.php(19): view('dashboard/index', [...])
 6 SYSTEMPATH\CodeIgniter.php(932): App\Controllers\Dashboard->index()
 7 SYSTEMPATH\CodeIgniter.php(497): CodeIgniter\CodeIgniter->runController(Object(App\Controllers\Dashboard))
 8 SYSTEMPATH\CodeIgniter.php(366): CodeIgniter\CodeIgniter->handleRequest(null, Object(Config\Cache), false)
 9 FCPATH\index.php(67): CodeIgniter\CodeIgniter->run()
CRITICAL - 2023-08-12 20:54:57 --> Undefined variable $registro
in APPPATH\Views\dashboard\index.php on line 132.
 1 APPPATH\Views\dashboard\index.php(132): CodeIgniter\Debug\Exceptions->errorHandler(2, 'Undefined variable $registro', 'C:\\xampp\\htdocs\\code\\app\\Views\\dashboard\\index.php', 132)
 2 SYSTEMPATH\View\View.php(224): include('C:\\xampp\\htdocs\\code\\app\\Views\\dashboard\\index.php')
 3 SYSTEMPATH\View\View.php(227): CodeIgniter\View\View->CodeIgniter\View\{closure}()
 4 SYSTEMPATH\Common.php(1176): CodeIgniter\View\View->render('dashboard/index', [], true)
 5 APPPATH\Controllers\Dashboard.php(19): view('dashboard/index', [...])
 6 SYSTEMPATH\CodeIgniter.php(932): App\Controllers\Dashboard->index()
 7 SYSTEMPATH\CodeIgniter.php(497): CodeIgniter\CodeIgniter->runController(Object(App\Controllers\Dashboard))
 8 SYSTEMPATH\CodeIgniter.php(366): CodeIgniter\CodeIgniter->handleRequest(null, Object(Config\Cache), false)
 9 FCPATH\index.php(67): CodeIgniter\CodeIgniter->run()
CRITICAL - 2023-08-12 20:55:17 --> Undefined variable $registro
in APPPATH\Views\dashboard\index.php on line 132.
 1 APPPATH\Views\dashboard\index.php(132): CodeIgniter\Debug\Exceptions->errorHandler(2, 'Undefined variable $registro', 'C:\\xampp\\htdocs\\code\\app\\Views\\dashboard\\index.php', 132)
 2 SYSTEMPATH\View\View.php(224): include('C:\\xampp\\htdocs\\code\\app\\Views\\dashboard\\index.php')
 3 SYSTEMPATH\View\View.php(227): CodeIgniter\View\View->CodeIgniter\View\{closure}()
 4 SYSTEMPATH\Common.php(1176): CodeIgniter\View\View->render('dashboard/index', [], true)
 5 APPPATH\Controllers\Dashboard.php(19): view('dashboard/index', [...])
 6 SYSTEMPATH\CodeIgniter.php(932): App\Controllers\Dashboard->index()
 7 SYSTEMPATH\CodeIgniter.php(497): CodeIgniter\CodeIgniter->runController(Object(App\Controllers\Dashboard))
 8 SYSTEMPATH\CodeIgniter.php(366): CodeIgniter\CodeIgniter->handleRequest(null, Object(Config\Cache), false)
 9 FCPATH\index.php(67): CodeIgniter\CodeIgniter->run()
CRITICAL - 2023-08-12 20:55:18 --> Undefined variable $registro
in APPPATH\Views\dashboard\index.php on line 132.
 1 APPPATH\Views\dashboard\index.php(132): CodeIgniter\Debug\Exceptions->errorHandler(2, 'Undefined variable $registro', 'C:\\xampp\\htdocs\\code\\app\\Views\\dashboard\\index.php', 132)
 2 SYSTEMPATH\View\View.php(224): include('C:\\xampp\\htdocs\\code\\app\\Views\\dashboard\\index.php')
 3 SYSTEMPATH\View\View.php(227): CodeIgniter\View\View->CodeIgniter\View\{closure}()
 4 SYSTEMPATH\Common.php(1176): CodeIgniter\View\View->render('dashboard/index', [], true)
 5 APPPATH\Controllers\Dashboard.php(19): view('dashboard/index', [...])
 6 SYSTEMPATH\CodeIgniter.php(932): App\Controllers\Dashboard->index()
 7 SYSTEMPATH\CodeIgniter.php(497): CodeIgniter\CodeIgniter->runController(Object(App\Controllers\Dashboard))
 8 SYSTEMPATH\CodeIgniter.php(366): CodeIgniter\CodeIgniter->handleRequest(null, Object(Config\Cache), false)
 9 FCPATH\index.php(67): CodeIgniter\CodeIgniter->run()
CRITICAL - 2023-08-12 20:55:19 --> Undefined variable $registro
in APPPATH\Views\dashboard\index.php on line 132.
 1 APPPATH\Views\dashboard\index.php(132): CodeIgniter\Debug\Exceptions->errorHandler(2, 'Undefined variable $registro', 'C:\\xampp\\htdocs\\code\\app\\Views\\dashboard\\index.php', 132)
 2 SYSTEMPATH\View\View.php(224): include('C:\\xampp\\htdocs\\code\\app\\Views\\dashboard\\index.php')
 3 SYSTEMPATH\View\View.php(227): CodeIgniter\View\View->CodeIgniter\View\{closure}()
 4 SYSTEMPATH\Common.php(1176): CodeIgniter\View\View->render('dashboard/index', [], true)
 5 APPPATH\Controllers\Dashboard.php(19): view('dashboard/index', [...])
 6 SYSTEMPATH\CodeIgniter.php(932): App\Controllers\Dashboard->index()
 7 SYSTEMPATH\CodeIgniter.php(497): CodeIgniter\CodeIgniter->runController(Object(App\Controllers\Dashboard))
 8 SYSTEMPATH\CodeIgniter.php(366): CodeIgniter\CodeIgniter->handleRequest(null, Object(Config\Cache), false)
 9 FCPATH\index.php(67): CodeIgniter\CodeIgniter->run()
CRITICAL - 2023-08-12 20:56:57 --> Undefined variable $registro
in APPPATH\Views\dashboard\index.php on line 132.
 1 APPPATH\Views\dashboard\index.php(132): CodeIgniter\Debug\Exceptions->errorHandler(2, 'Undefined variable $registro', 'C:\\xampp\\htdocs\\code\\app\\Views\\dashboard\\index.php', 132)
 2 SYSTEMPATH\View\View.php(224): include('C:\\xampp\\htdocs\\code\\app\\Views\\dashboard\\index.php')
 3 SYSTEMPATH\View\View.php(227): CodeIgniter\View\View->CodeIgniter\View\{closure}()
 4 SYSTEMPATH\Common.php(1176): CodeIgniter\View\View->render('dashboard/index', [], true)
 5 APPPATH\Controllers\Dashboard.php(19): view('dashboard/index', [...])
 6 SYSTEMPATH\CodeIgniter.php(932): App\Controllers\Dashboard->index()
 7 SYSTEMPATH\CodeIgniter.php(497): CodeIgniter\CodeIgniter->runController(Object(App\Controllers\Dashboard))
 8 SYSTEMPATH\CodeIgniter.php(366): CodeIgniter\CodeIgniter->handleRequest(null, Object(Config\Cache), false)
 9 FCPATH\index.php(67): CodeIgniter\CodeIgniter->run()
CRITICAL - 2023-08-12 20:56:59 --> Undefined variable $registro
in APPPATH\Views\dashboard\index.php on line 132.
 1 APPPATH\Views\dashboard\index.php(132): CodeIgniter\Debug\Exceptions->errorHandler(2, 'Undefined variable $registro', 'C:\\xampp\\htdocs\\code\\app\\Views\\dashboard\\index.php', 132)
 2 SYSTEMPATH\View\View.php(224): include('C:\\xampp\\htdocs\\code\\app\\Views\\dashboard\\index.php')
 3 SYSTEMPATH\View\View.php(227): CodeIgniter\View\View->CodeIgniter\View\{closure}()
 4 SYSTEMPATH\Common.php(1176): CodeIgniter\View\View->render('dashboard/index', [], true)
 5 APPPATH\Controllers\Dashboard.php(19): view('dashboard/index', [...])
 6 SYSTEMPATH\CodeIgniter.php(932): App\Controllers\Dashboard->index()
 7 SYSTEMPATH\CodeIgniter.php(497): CodeIgniter\CodeIgniter->runController(Object(App\Controllers\Dashboard))
 8 SYSTEMPATH\CodeIgniter.php(366): CodeIgniter\CodeIgniter->handleRequest(null, Object(Config\Cache), false)
 9 FCPATH\index.php(67): CodeIgniter\CodeIgniter->run()
CRITICAL - 2023-08-12 20:57:39 --> Undefined variable $registro
in APPPATH\Views\dashboard\index.php on line 132.
 1 APPPATH\Views\dashboard\index.php(132): CodeIgniter\Debug\Exceptions->errorHandler(2, 'Undefined variable $registro', 'C:\\xampp\\htdocs\\code\\app\\Views\\dashboard\\index.php', 132)
 2 SYSTEMPATH\View\View.php(224): include('C:\\xampp\\htdocs\\code\\app\\Views\\dashboard\\index.php')
 3 SYSTEMPATH\View\View.php(227): CodeIgniter\View\View->CodeIgniter\View\{closure}()
 4 SYSTEMPATH\Common.php(1176): CodeIgniter\View\View->render('dashboard/index', [], true)
 5 APPPATH\Controllers\Dashboard.php(19): view('dashboard/index', [...])
 6 SYSTEMPATH\CodeIgniter.php(932): App\Controllers\Dashboard->index()
 7 SYSTEMPATH\CodeIgniter.php(497): CodeIgniter\CodeIgniter->runController(Object(App\Controllers\Dashboard))
 8 SYSTEMPATH\CodeIgniter.php(366): CodeIgniter\CodeIgniter->handleRequest(null, Object(Config\Cache), false)
 9 FCPATH\index.php(67): CodeIgniter\CodeIgniter->run()
CRITICAL - 2023-08-12 20:57:39 --> Undefined variable $registro
in APPPATH\Views\dashboard\index.php on line 132.
 1 APPPATH\Views\dashboard\index.php(132): CodeIgniter\Debug\Exceptions->errorHandler(2, 'Undefined variable $registro', 'C:\\xampp\\htdocs\\code\\app\\Views\\dashboard\\index.php', 132)
 2 SYSTEMPATH\View\View.php(224): include('C:\\xampp\\htdocs\\code\\app\\Views\\dashboard\\index.php')
 3 SYSTEMPATH\View\View.php(227): CodeIgniter\View\View->CodeIgniter\View\{closure}()
 4 SYSTEMPATH\Common.php(1176): CodeIgniter\View\View->render('dashboard/index', [], true)
 5 APPPATH\Controllers\Dashboard.php(19): view('dashboard/index', [...])
 6 SYSTEMPATH\CodeIgniter.php(932): App\Controllers\Dashboard->index()
 7 SYSTEMPATH\CodeIgniter.php(497): CodeIgniter\CodeIgniter->runController(Object(App\Controllers\Dashboard))
 8 SYSTEMPATH\CodeIgniter.php(366): CodeIgniter\CodeIgniter->handleRequest(null, Object(Config\Cache), false)
 9 FCPATH\index.php(67): CodeIgniter\CodeIgniter->run()
CRITICAL - 2023-08-12 20:57:40 --> Undefined variable $registro
in APPPATH\Views\dashboard\index.php on line 132.
 1 APPPATH\Views\dashboard\index.php(132): CodeIgniter\Debug\Exceptions->errorHandler(2, 'Undefined variable $registro', 'C:\\xampp\\htdocs\\code\\app\\Views\\dashboard\\index.php', 132)
 2 SYSTEMPATH\View\View.php(224): include('C:\\xampp\\htdocs\\code\\app\\Views\\dashboard\\index.php')
 3 SYSTEMPATH\View\View.php(227): CodeIgniter\View\View->CodeIgniter\View\{closure}()
 4 SYSTEMPATH\Common.php(1176): CodeIgniter\View\View->render('dashboard/index', [], true)
 5 APPPATH\Controllers\Dashboard.php(19): view('dashboard/index', [...])
 6 SYSTEMPATH\CodeIgniter.php(932): App\Controllers\Dashboard->index()
 7 SYSTEMPATH\CodeIgniter.php(497): CodeIgniter\CodeIgniter->runController(Object(App\Controllers\Dashboard))
 8 SYSTEMPATH\CodeIgniter.php(366): CodeIgniter\CodeIgniter->handleRequest(null, Object(Config\Cache), false)
 9 FCPATH\index.php(67): CodeIgniter\CodeIgniter->run()
CRITICAL - 2023-08-12 20:57:41 --> Undefined variable $registro
in APPPATH\Views\dashboard\index.php on line 132.
 1 APPPATH\Views\dashboard\index.php(132): CodeIgniter\Debug\Exceptions->errorHandler(2, 'Undefined variable $registro', 'C:\\xampp\\htdocs\\code\\app\\Views\\dashboard\\index.php', 132)
 2 SYSTEMPATH\View\View.php(224): include('C:\\xampp\\htdocs\\code\\app\\Views\\dashboard\\index.php')
 3 SYSTEMPATH\View\View.php(227): CodeIgniter\View\View->CodeIgniter\View\{closure}()
 4 SYSTEMPATH\Common.php(1176): CodeIgniter\View\View->render('dashboard/index', [], true)
 5 APPPATH\Controllers\Dashboard.php(19): view('dashboard/index', [...])
 6 SYSTEMPATH\CodeIgniter.php(932): App\Controllers\Dashboard->index()
 7 SYSTEMPATH\CodeIgniter.php(497): CodeIgniter\CodeIgniter->runController(Object(App\Controllers\Dashboard))
 8 SYSTEMPATH\CodeIgniter.php(366): CodeIgniter\CodeIgniter->handleRequest(null, Object(Config\Cache), false)
 9 FCPATH\index.php(67): CodeIgniter\CodeIgniter->run()
CRITICAL - 2023-08-12 20:57:53 --> Undefined variable $registro
in APPPATH\Views\dashboard\index.php on line 132.
 1 APPPATH\Views\dashboard\index.php(132): CodeIgniter\Debug\Exceptions->errorHandler(2, 'Undefined variable $registro', 'C:\\xampp\\htdocs\\code\\app\\Views\\dashboard\\index.php', 132)
 2 SYSTEMPATH\View\View.php(224): include('C:\\xampp\\htdocs\\code\\app\\Views\\dashboard\\index.php')
 3 SYSTEMPATH\View\View.php(227): CodeIgniter\View\View->CodeIgniter\View\{closure}()
 4 SYSTEMPATH\Common.php(1176): CodeIgniter\View\View->render('dashboard/index', [], true)
 5 APPPATH\Controllers\Dashboard.php(19): view('dashboard/index', [...])
 6 SYSTEMPATH\CodeIgniter.php(932): App\Controllers\Dashboard->index()
 7 SYSTEMPATH\CodeIgniter.php(497): CodeIgniter\CodeIgniter->runController(Object(App\Controllers\Dashboard))
 8 SYSTEMPATH\CodeIgniter.php(366): CodeIgniter\CodeIgniter->handleRequest(null, Object(Config\Cache), false)
 9 FCPATH\index.php(67): CodeIgniter\CodeIgniter->run()
CRITICAL - 2023-08-12 20:57:54 --> Undefined variable $registro
in APPPATH\Views\dashboard\index.php on line 132.
 1 APPPATH\Views\dashboard\index.php(132): CodeIgniter\Debug\Exceptions->errorHandler(2, 'Undefined variable $registro', 'C:\\xampp\\htdocs\\code\\app\\Views\\dashboard\\index.php', 132)
 2 SYSTEMPATH\View\View.php(224): include('C:\\xampp\\htdocs\\code\\app\\Views\\dashboard\\index.php')
 3 SYSTEMPATH\View\View.php(227): CodeIgniter\View\View->CodeIgniter\View\{closure}()
 4 SYSTEMPATH\Common.php(1176): CodeIgniter\View\View->render('dashboard/index', [], true)
 5 APPPATH\Controllers\Dashboard.php(19): view('dashboard/index', [...])
 6 SYSTEMPATH\CodeIgniter.php(932): App\Controllers\Dashboard->index()
 7 SYSTEMPATH\CodeIgniter.php(497): CodeIgniter\CodeIgniter->runController(Object(App\Controllers\Dashboard))
 8 SYSTEMPATH\CodeIgniter.php(366): CodeIgniter\CodeIgniter->handleRequest(null, Object(Config\Cache), false)
 9 FCPATH\index.php(67): CodeIgniter\CodeIgniter->run()
CRITICAL - 2023-08-12 20:57:54 --> Undefined variable $registro
in APPPATH\Views\dashboard\index.php on line 132.
 1 APPPATH\Views\dashboard\index.php(132): CodeIgniter\Debug\Exceptions->errorHandler(2, 'Undefined variable $registro', 'C:\\xampp\\htdocs\\code\\app\\Views\\dashboard\\index.php', 132)
 2 SYSTEMPATH\View\View.php(224): include('C:\\xampp\\htdocs\\code\\app\\Views\\dashboard\\index.php')
 3 SYSTEMPATH\View\View.php(227): CodeIgniter\View\View->CodeIgniter\View\{closure}()
 4 SYSTEMPATH\Common.php(1176): CodeIgniter\View\View->render('dashboard/index', [], true)
 5 APPPATH\Controllers\Dashboard.php(19): view('dashboard/index', [...])
 6 SYSTEMPATH\CodeIgniter.php(932): App\Controllers\Dashboard->index()
 7 SYSTEMPATH\CodeIgniter.php(497): CodeIgniter\CodeIgniter->runController(Object(App\Controllers\Dashboard))
 8 SYSTEMPATH\CodeIgniter.php(366): CodeIgniter\CodeIgniter->handleRequest(null, Object(Config\Cache), false)
 9 FCPATH\index.php(67): CodeIgniter\CodeIgniter->run()
CRITICAL - 2023-08-12 20:57:55 --> Undefined variable $registro
in APPPATH\Views\dashboard\index.php on line 132.
 1 APPPATH\Views\dashboard\index.php(132): CodeIgniter\Debug\Exceptions->errorHandler(2, 'Undefined variable $registro', 'C:\\xampp\\htdocs\\code\\app\\Views\\dashboard\\index.php', 132)
 2 SYSTEMPATH\View\View.php(224): include('C:\\xampp\\htdocs\\code\\app\\Views\\dashboard\\index.php')
 3 SYSTEMPATH\View\View.php(227): CodeIgniter\View\View->CodeIgniter\View\{closure}()
 4 SYSTEMPATH\Common.php(1176): CodeIgniter\View\View->render('dashboard/index', [], true)
 5 APPPATH\Controllers\Dashboard.php(19): view('dashboard/index', [...])
 6 SYSTEMPATH\CodeIgniter.php(932): App\Controllers\Dashboard->index()
 7 SYSTEMPATH\CodeIgniter.php(497): CodeIgniter\CodeIgniter->runController(Object(App\Controllers\Dashboard))
 8 SYSTEMPATH\CodeIgniter.php(366): CodeIgniter\CodeIgniter->handleRequest(null, Object(Config\Cache), false)
 9 FCPATH\index.php(67): CodeIgniter\CodeIgniter->run()
CRITICAL - 2023-08-12 20:58:09 --> Undefined variable $registro
in APPPATH\Views\dashboard\index.php on line 132.
 1 APPPATH\Views\dashboard\index.php(132): CodeIgniter\Debug\Exceptions->errorHandler(2, 'Undefined variable $registro', 'C:\\xampp\\htdocs\\code\\app\\Views\\dashboard\\index.php', 132)
 2 SYSTEMPATH\View\View.php(224): include('C:\\xampp\\htdocs\\code\\app\\Views\\dashboard\\index.php')
 3 SYSTEMPATH\View\View.php(227): CodeIgniter\View\View->CodeIgniter\View\{closure}()
 4 SYSTEMPATH\Common.php(1176): CodeIgniter\View\View->render('dashboard/index', [], true)
 5 APPPATH\Controllers\Dashboard.php(19): view('dashboard/index', [...])
 6 SYSTEMPATH\CodeIgniter.php(932): App\Controllers\Dashboard->index()
 7 SYSTEMPATH\CodeIgniter.php(497): CodeIgniter\CodeIgniter->runController(Object(App\Controllers\Dashboard))
 8 SYSTEMPATH\CodeIgniter.php(366): CodeIgniter\CodeIgniter->handleRequest(null, Object(Config\Cache), false)
 9 FCPATH\index.php(67): CodeIgniter\CodeIgniter->run()
CRITICAL - 2023-08-12 20:58:10 --> Undefined variable $registro
in APPPATH\Views\dashboard\index.php on line 132.
 1 APPPATH\Views\dashboard\index.php(132): CodeIgniter\Debug\Exceptions->errorHandler(2, 'Undefined variable $registro', 'C:\\xampp\\htdocs\\code\\app\\Views\\dashboard\\index.php', 132)
 2 SYSTEMPATH\View\View.php(224): include('C:\\xampp\\htdocs\\code\\app\\Views\\dashboard\\index.php')
 3 SYSTEMPATH\View\View.php(227): CodeIgniter\View\View->CodeIgniter\View\{closure}()
 4 SYSTEMPATH\Common.php(1176): CodeIgniter\View\View->render('dashboard/index', [], true)
 5 APPPATH\Controllers\Dashboard.php(19): view('dashboard/index', [...])
 6 SYSTEMPATH\CodeIgniter.php(932): App\Controllers\Dashboard->index()
 7 SYSTEMPATH\CodeIgniter.php(497): CodeIgniter\CodeIgniter->runController(Object(App\Controllers\Dashboard))
 8 SYSTEMPATH\CodeIgniter.php(366): CodeIgniter\CodeIgniter->handleRequest(null, Object(Config\Cache), false)
 9 FCPATH\index.php(67): CodeIgniter\CodeIgniter->run()
CRITICAL - 2023-08-12 20:58:10 --> Undefined variable $registro
in APPPATH\Views\dashboard\index.php on line 132.
 1 APPPATH\Views\dashboard\index.php(132): CodeIgniter\Debug\Exceptions->errorHandler(2, 'Undefined variable $registro', 'C:\\xampp\\htdocs\\code\\app\\Views\\dashboard\\index.php', 132)
 2 SYSTEMPATH\View\View.php(224): include('C:\\xampp\\htdocs\\code\\app\\Views\\dashboard\\index.php')
 3 SYSTEMPATH\View\View.php(227): CodeIgniter\View\View->CodeIgniter\View\{closure}()
 4 SYSTEMPATH\Common.php(1176): CodeIgniter\View\View->render('dashboard/index', [], true)
 5 APPPATH\Controllers\Dashboard.php(19): view('dashboard/index', [...])
 6 SYSTEMPATH\CodeIgniter.php(932): App\Controllers\Dashboard->index()
 7 SYSTEMPATH\CodeIgniter.php(497): CodeIgniter\CodeIgniter->runController(Object(App\Controllers\Dashboard))
 8 SYSTEMPATH\CodeIgniter.php(366): CodeIgniter\CodeIgniter->handleRequest(null, Object(Config\Cache), false)
 9 FCPATH\index.php(67): CodeIgniter\CodeIgniter->run()
CRITICAL - 2023-08-12 20:58:11 --> Undefined variable $registro
in APPPATH\Views\dashboard\index.php on line 132.
 1 APPPATH\Views\dashboard\index.php(132): CodeIgniter\Debug\Exceptions->errorHandler(2, 'Undefined variable $registro', 'C:\\xampp\\htdocs\\code\\app\\Views\\dashboard\\index.php', 132)
 2 SYSTEMPATH\View\View.php(224): include('C:\\xampp\\htdocs\\code\\app\\Views\\dashboard\\index.php')
 3 SYSTEMPATH\View\View.php(227): CodeIgniter\View\View->CodeIgniter\View\{closure}()
 4 SYSTEMPATH\Common.php(1176): CodeIgniter\View\View->render('dashboard/index', [], true)
 5 APPPATH\Controllers\Dashboard.php(19): view('dashboard/index', [...])
 6 SYSTEMPATH\CodeIgniter.php(932): App\Controllers\Dashboard->index()
 7 SYSTEMPATH\CodeIgniter.php(497): CodeIgniter\CodeIgniter->runController(Object(App\Controllers\Dashboard))
 8 SYSTEMPATH\CodeIgniter.php(366): CodeIgniter\CodeIgniter->handleRequest(null, Object(Config\Cache), false)
 9 FCPATH\index.php(67): CodeIgniter\CodeIgniter->run()
CRITICAL - 2023-08-12 20:58:11 --> Undefined variable $registro
in APPPATH\Views\dashboard\index.php on line 132.
 1 APPPATH\Views\dashboard\index.php(132): CodeIgniter\Debug\Exceptions->errorHandler(2, 'Undefined variable $registro', 'C:\\xampp\\htdocs\\code\\app\\Views\\dashboard\\index.php', 132)
 2 SYSTEMPATH\View\View.php(224): include('C:\\xampp\\htdocs\\code\\app\\Views\\dashboard\\index.php')
 3 SYSTEMPATH\View\View.php(227): CodeIgniter\View\View->CodeIgniter\View\{closure}()
 4 SYSTEMPATH\Common.php(1176): CodeIgniter\View\View->render('dashboard/index', [], true)
 5 APPPATH\Controllers\Dashboard.php(19): view('dashboard/index', [...])
 6 SYSTEMPATH\CodeIgniter.php(932): App\Controllers\Dashboard->index()
 7 SYSTEMPATH\CodeIgniter.php(497): CodeIgniter\CodeIgniter->runController(Object(App\Controllers\Dashboard))
 8 SYSTEMPATH\CodeIgniter.php(366): CodeIgniter\CodeIgniter->handleRequest(null, Object(Config\Cache), false)
 9 FCPATH\index.php(67): CodeIgniter\CodeIgniter->run()
CRITICAL - 2023-08-12 20:58:31 --> Undefined variable $registro
in APPPATH\Views\dashboard\index.php on line 132.
 1 APPPATH\Views\dashboard\index.php(132): CodeIgniter\Debug\Exceptions->errorHandler(2, 'Undefined variable $registro', 'C:\\xampp\\htdocs\\code\\app\\Views\\dashboard\\index.php', 132)
 2 SYSTEMPATH\View\View.php(224): include('C:\\xampp\\htdocs\\code\\app\\Views\\dashboard\\index.php')
 3 SYSTEMPATH\View\View.php(227): CodeIgniter\View\View->CodeIgniter\View\{closure}()
 4 SYSTEMPATH\Common.php(1176): CodeIgniter\View\View->render('dashboard/index', [], true)
 5 APPPATH\Controllers\Dashboard.php(19): view('dashboard/index', [...])
 6 SYSTEMPATH\CodeIgniter.php(932): App\Controllers\Dashboard->index()
 7 SYSTEMPATH\CodeIgniter.php(497): CodeIgniter\CodeIgniter->runController(Object(App\Controllers\Dashboard))
 8 SYSTEMPATH\CodeIgniter.php(366): CodeIgniter\CodeIgniter->handleRequest(null, Object(Config\Cache), false)
 9 FCPATH\index.php(67): CodeIgniter\CodeIgniter->run()
CRITICAL - 2023-08-12 20:58:31 --> Undefined variable $registro
in APPPATH\Views\dashboard\index.php on line 132.
 1 APPPATH\Views\dashboard\index.php(132): CodeIgniter\Debug\Exceptions->errorHandler(2, 'Undefined variable $registro', 'C:\\xampp\\htdocs\\code\\app\\Views\\dashboard\\index.php', 132)
 2 SYSTEMPATH\View\View.php(224): include('C:\\xampp\\htdocs\\code\\app\\Views\\dashboard\\index.php')
 3 SYSTEMPATH\View\View.php(227): CodeIgniter\View\View->CodeIgniter\View\{closure}()
 4 SYSTEMPATH\Common.php(1176): CodeIgniter\View\View->render('dashboard/index', [], true)
 5 APPPATH\Controllers\Dashboard.php(19): view('dashboard/index', [...])
 6 SYSTEMPATH\CodeIgniter.php(932): App\Controllers\Dashboard->index()
 7 SYSTEMPATH\CodeIgniter.php(497): CodeIgniter\CodeIgniter->runController(Object(App\Controllers\Dashboard))
 8 SYSTEMPATH\CodeIgniter.php(366): CodeIgniter\CodeIgniter->handleRequest(null, Object(Config\Cache), false)
 9 FCPATH\index.php(67): CodeIgniter\CodeIgniter->run()
CRITICAL - 2023-08-12 20:58:32 --> Undefined variable $registro
in APPPATH\Views\dashboard\index.php on line 132.
 1 APPPATH\Views\dashboard\index.php(132): CodeIgniter\Debug\Exceptions->errorHandler(2, 'Undefined variable $registro', 'C:\\xampp\\htdocs\\code\\app\\Views\\dashboard\\index.php', 132)
 2 SYSTEMPATH\View\View.php(224): include('C:\\xampp\\htdocs\\code\\app\\Views\\dashboard\\index.php')
 3 SYSTEMPATH\View\View.php(227): CodeIgniter\View\View->CodeIgniter\View\{closure}()
 4 SYSTEMPATH\Common.php(1176): CodeIgniter\View\View->render('dashboard/index', [], true)
 5 APPPATH\Controllers\Dashboard.php(19): view('dashboard/index', [...])
 6 SYSTEMPATH\CodeIgniter.php(932): App\Controllers\Dashboard->index()
 7 SYSTEMPATH\CodeIgniter.php(497): CodeIgniter\CodeIgniter->runController(Object(App\Controllers\Dashboard))
 8 SYSTEMPATH\CodeIgniter.php(366): CodeIgniter\CodeIgniter->handleRequest(null, Object(Config\Cache), false)
 9 FCPATH\index.php(67): CodeIgniter\CodeIgniter->run()
CRITICAL - 2023-08-12 20:58:42 --> Undefined variable $registro
in APPPATH\Views\dashboard\index.php on line 132.
 1 APPPATH\Views\dashboard\index.php(132): CodeIgniter\Debug\Exceptions->errorHandler(2, 'Undefined variable $registro', 'C:\\xampp\\htdocs\\code\\app\\Views\\dashboard\\index.php', 132)
 2 SYSTEMPATH\View\View.php(224): include('C:\\xampp\\htdocs\\code\\app\\Views\\dashboard\\index.php')
 3 SYSTEMPATH\View\View.php(227): CodeIgniter\View\View->CodeIgniter\View\{closure}()
 4 SYSTEMPATH\Common.php(1176): CodeIgniter\View\View->render('dashboard/index', [], true)
 5 APPPATH\Controllers\Dashboard.php(19): view('dashboard/index', [...])
 6 SYSTEMPATH\CodeIgniter.php(932): App\Controllers\Dashboard->index()
 7 SYSTEMPATH\CodeIgniter.php(497): CodeIgniter\CodeIgniter->runController(Object(App\Controllers\Dashboard))
 8 SYSTEMPATH\CodeIgniter.php(366): CodeIgniter\CodeIgniter->handleRequest(null, Object(Config\Cache), false)
 9 FCPATH\index.php(67): CodeIgniter\CodeIgniter->run()
CRITICAL - 2023-08-12 20:58:42 --> Undefined variable $registro
in APPPATH\Views\dashboard\index.php on line 132.
 1 APPPATH\Views\dashboard\index.php(132): CodeIgniter\Debug\Exceptions->errorHandler(2, 'Undefined variable $registro', 'C:\\xampp\\htdocs\\code\\app\\Views\\dashboard\\index.php', 132)
 2 SYSTEMPATH\View\View.php(224): include('C:\\xampp\\htdocs\\code\\app\\Views\\dashboard\\index.php')
 3 SYSTEMPATH\View\View.php(227): CodeIgniter\View\View->CodeIgniter\View\{closure}()
 4 SYSTEMPATH\Common.php(1176): CodeIgniter\View\View->render('dashboard/index', [], true)
 5 APPPATH\Controllers\Dashboard.php(19): view('dashboard/index', [...])
 6 SYSTEMPATH\CodeIgniter.php(932): App\Controllers\Dashboard->index()
 7 SYSTEMPATH\CodeIgniter.php(497): CodeIgniter\CodeIgniter->runController(Object(App\Controllers\Dashboard))
 8 SYSTEMPATH\CodeIgniter.php(366): CodeIgniter\CodeIgniter->handleRequest(null, Object(Config\Cache), false)
 9 FCPATH\index.php(67): CodeIgniter\CodeIgniter->run()
CRITICAL - 2023-08-12 20:58:42 --> Undefined variable $registro
in APPPATH\Views\dashboard\index.php on line 132.
 1 APPPATH\Views\dashboard\index.php(132): CodeIgniter\Debug\Exceptions->errorHandler(2, 'Undefined variable $registro', 'C:\\xampp\\htdocs\\code\\app\\Views\\dashboard\\index.php', 132)
 2 SYSTEMPATH\View\View.php(224): include('C:\\xampp\\htdocs\\code\\app\\Views\\dashboard\\index.php')
 3 SYSTEMPATH\View\View.php(227): CodeIgniter\View\View->CodeIgniter\View\{closure}()
 4 SYSTEMPATH\Common.php(1176): CodeIgniter\View\View->render('dashboard/index', [], true)
 5 APPPATH\Controllers\Dashboard.php(19): view('dashboard/index', [...])
 6 SYSTEMPATH\CodeIgniter.php(932): App\Controllers\Dashboard->index()
 7 SYSTEMPATH\CodeIgniter.php(497): CodeIgniter\CodeIgniter->runController(Object(App\Controllers\Dashboard))
 8 SYSTEMPATH\CodeIgniter.php(366): CodeIgniter\CodeIgniter->handleRequest(null, Object(Config\Cache), false)
 9 FCPATH\index.php(67): CodeIgniter\CodeIgniter->run()
CRITICAL - 2023-08-12 20:58:43 --> Undefined variable $registro
in APPPATH\Views\dashboard\index.php on line 132.
 1 APPPATH\Views\dashboard\index.php(132): CodeIgniter\Debug\Exceptions->errorHandler(2, 'Undefined variable $registro', 'C:\\xampp\\htdocs\\code\\app\\Views\\dashboard\\index.php', 132)
 2 SYSTEMPATH\View\View.php(224): include('C:\\xampp\\htdocs\\code\\app\\Views\\dashboard\\index.php')
 3 SYSTEMPATH\View\View.php(227): CodeIgniter\View\View->CodeIgniter\View\{closure}()
 4 SYSTEMPATH\Common.php(1176): CodeIgniter\View\View->render('dashboard/index', [], true)
 5 APPPATH\Controllers\Dashboard.php(19): view('dashboard/index', [...])
 6 SYSTEMPATH\CodeIgniter.php(932): App\Controllers\Dashboard->index()
 7 SYSTEMPATH\CodeIgniter.php(497): CodeIgniter\CodeIgniter->runController(Object(App\Controllers\Dashboard))
 8 SYSTEMPATH\CodeIgniter.php(366): CodeIgniter\CodeIgniter->handleRequest(null, Object(Config\Cache), false)
 9 FCPATH\index.php(67): CodeIgniter\CodeIgniter->run()
CRITICAL - 2023-08-12 20:58:57 --> Undefined variable $registro
in APPPATH\Views\dashboard\index.php on line 132.
 1 APPPATH\Views\dashboard\index.php(132): CodeIgniter\Debug\Exceptions->errorHandler(2, 'Undefined variable $registro', 'C:\\xampp\\htdocs\\code\\app\\Views\\dashboard\\index.php', 132)
 2 SYSTEMPATH\View\View.php(224): include('C:\\xampp\\htdocs\\code\\app\\Views\\dashboard\\index.php')
 3 SYSTEMPATH\View\View.php(227): CodeIgniter\View\View->CodeIgniter\View\{closure}()
 4 SYSTEMPATH\Common.php(1176): CodeIgniter\View\View->render('dashboard/index', [], true)
 5 APPPATH\Controllers\Dashboard.php(19): view('dashboard/index', [...])
 6 SYSTEMPATH\CodeIgniter.php(932): App\Controllers\Dashboard->index()
 7 SYSTEMPATH\CodeIgniter.php(497): CodeIgniter\CodeIgniter->runController(Object(App\Controllers\Dashboard))
 8 SYSTEMPATH\CodeIgniter.php(366): CodeIgniter\CodeIgniter->handleRequest(null, Object(Config\Cache), false)
 9 FCPATH\index.php(67): CodeIgniter\CodeIgniter->run()
CRITICAL - 2023-08-12 20:58:58 --> Undefined variable $registro
in APPPATH\Views\dashboard\index.php on line 132.
 1 APPPATH\Views\dashboard\index.php(132): CodeIgniter\Debug\Exceptions->errorHandler(2, 'Undefined variable $registro', 'C:\\xampp\\htdocs\\code\\app\\Views\\dashboard\\index.php', 132)
 2 SYSTEMPATH\View\View.php(224): include('C:\\xampp\\htdocs\\code\\app\\Views\\dashboard\\index.php')
 3 SYSTEMPATH\View\View.php(227): CodeIgniter\View\View->CodeIgniter\View\{closure}()
 4 SYSTEMPATH\Common.php(1176): CodeIgniter\View\View->render('dashboard/index', [], true)
 5 APPPATH\Controllers\Dashboard.php(19): view('dashboard/index', [...])
 6 SYSTEMPATH\CodeIgniter.php(932): App\Controllers\Dashboard->index()
 7 SYSTEMPATH\CodeIgniter.php(497): CodeIgniter\CodeIgniter->runController(Object(App\Controllers\Dashboard))
 8 SYSTEMPATH\CodeIgniter.php(366): CodeIgniter\CodeIgniter->handleRequest(null, Object(Config\Cache), false)
 9 FCPATH\index.php(67): CodeIgniter\CodeIgniter->run()
CRITICAL - 2023-08-12 21:36:21 --> Too few arguments to function App\Controllers\Dashboard::updatevista(), 0 passed in C:\xampp\htdocs\code\system\CodeIgniter.php on line 932 and exactly 1 expected
in APPPATH\Controllers\Dashboard.php on line 36.
 1 SYSTEMPATH\CodeIgniter.php(932): App\Controllers\Dashboard->updatevista()
 2 SYSTEMPATH\CodeIgniter.php(497): CodeIgniter\CodeIgniter->runController(Object(App\Controllers\Dashboard))
 3 SYSTEMPATH\CodeIgniter.php(366): CodeIgniter\CodeIgniter->handleRequest(null, Object(Config\Cache), false)
 4 FCPATH\index.php(67): CodeIgniter\CodeIgniter->run()
CRITICAL - 2023-08-12 21:43:42 --> Undefined variable $registro
in APPPATH\Views\dashboard\index.php on line 133.
 1 APPPATH\Views\dashboard\index.php(133): CodeIgniter\Debug\Exceptions->errorHandler(2, 'Undefined variable $registro', 'C:\\xampp\\htdocs\\code\\app\\Views\\dashboard\\index.php', 133)
 2 SYSTEMPATH\View\View.php(224): include('C:\\xampp\\htdocs\\code\\app\\Views\\dashboard\\index.php')
 3 SYSTEMPATH\View\View.php(227): CodeIgniter\View\View->CodeIgniter\View\{closure}()
 4 SYSTEMPATH\Common.php(1176): CodeIgniter\View\View->render('dashboard/index', [], true)
 5 APPPATH\Controllers\Dashboard.php(19): view('dashboard/index', [...])
 6 SYSTEMPATH\CodeIgniter.php(932): App\Controllers\Dashboard->index()
 7 SYSTEMPATH\CodeIgniter.php(497): CodeIgniter\CodeIgniter->runController(Object(App\Controllers\Dashboard))
 8 SYSTEMPATH\CodeIgniter.php(366): CodeIgniter\CodeIgniter->handleRequest(null, Object(Config\Cache), false)
 9 FCPATH\index.php(67): CodeIgniter\CodeIgniter->run()
CRITICAL - 2023-08-12 21:43:45 --> Too few arguments to function App\Controllers\Dashboard::updatevista(), 0 passed in C:\xampp\htdocs\code\system\CodeIgniter.php on line 932 and exactly 1 expected
in APPPATH\Controllers\Dashboard.php on line 23.
 1 SYSTEMPATH\CodeIgniter.php(932): App\Controllers\Dashboard->updatevista()
 2 SYSTEMPATH\CodeIgniter.php(497): CodeIgniter\CodeIgniter->runController(Object(App\Controllers\Dashboard))
 3 SYSTEMPATH\CodeIgniter.php(366): CodeIgniter\CodeIgniter->handleRequest(null, Object(Config\Cache), false)
 4 FCPATH\index.php(67): CodeIgniter\CodeIgniter->run()
CRITICAL - 2023-08-12 21:43:47 --> Too few arguments to function App\Controllers\Dashboard::updatevista(), 0 passed in C:\xampp\htdocs\code\system\CodeIgniter.php on line 932 and exactly 1 expected
in APPPATH\Controllers\Dashboard.php on line 23.
 1 SYSTEMPATH\CodeIgniter.php(932): App\Controllers\Dashboard->updatevista()
 2 SYSTEMPATH\CodeIgniter.php(497): CodeIgniter\CodeIgniter->runController(Object(App\Controllers\Dashboard))
 3 SYSTEMPATH\CodeIgniter.php(366): CodeIgniter\CodeIgniter->handleRequest(null, Object(Config\Cache), false)
 4 FCPATH\index.php(67): CodeIgniter\CodeIgniter->run()
CRITICAL - 2023-08-12 21:43:47 --> Too few arguments to function App\Controllers\Dashboard::updatevista(), 0 passed in C:\xampp\htdocs\code\system\CodeIgniter.php on line 932 and exactly 1 expected
in APPPATH\Controllers\Dashboard.php on line 23.
 1 SYSTEMPATH\CodeIgniter.php(932): App\Controllers\Dashboard->updatevista()
 2 SYSTEMPATH\CodeIgniter.php(497): CodeIgniter\CodeIgniter->runController(Object(App\Controllers\Dashboard))
 3 SYSTEMPATH\CodeIgniter.php(366): CodeIgniter\CodeIgniter->handleRequest(null, Object(Config\Cache), false)
 4 FCPATH\index.php(67): CodeIgniter\CodeIgniter->run()
CRITICAL - 2023-08-12 21:43:47 --> Too few arguments to function App\Controllers\Dashboard::updatevista(), 0 passed in C:\xampp\htdocs\code\system\CodeIgniter.php on line 932 and exactly 1 expected
in APPPATH\Controllers\Dashboard.php on line 23.
 1 SYSTEMPATH\CodeIgniter.php(932): App\Controllers\Dashboard->updatevista()
 2 SYSTEMPATH\CodeIgniter.php(497): CodeIgniter\CodeIgniter->runController(Object(App\Controllers\Dashboard))
 3 SYSTEMPATH\CodeIgniter.php(366): CodeIgniter\CodeIgniter->handleRequest(null, Object(Config\Cache), false)
 4 FCPATH\index.php(67): CodeIgniter\CodeIgniter->run()
CRITICAL - 2023-08-12 21:44:10 --> Too few arguments to function App\Controllers\Dashboard::updatevista(), 0 passed in C:\xampp\htdocs\code\system\CodeIgniter.php on line 932 and exactly 1 expected
in APPPATH\Controllers\Dashboard.php on line 23.
 1 SYSTEMPATH\CodeIgniter.php(932): App\Controllers\Dashboard->updatevista()
 2 SYSTEMPATH\CodeIgniter.php(497): CodeIgniter\CodeIgniter->runController(Object(App\Controllers\Dashboard))
 3 SYSTEMPATH\CodeIgniter.php(366): CodeIgniter\CodeIgniter->handleRequest(null, Object(Config\Cache), false)
 4 FCPATH\index.php(67): CodeIgniter\CodeIgniter->run()
CRITICAL - 2023-08-12 21:44:11 --> Too few arguments to function App\Controllers\Dashboard::updatevista(), 0 passed in C:\xampp\htdocs\code\system\CodeIgniter.php on line 932 and exactly 1 expected
in APPPATH\Controllers\Dashboard.php on line 23.
 1 SYSTEMPATH\CodeIgniter.php(932): App\Controllers\Dashboard->updatevista()
 2 SYSTEMPATH\CodeIgniter.php(497): CodeIgniter\CodeIgniter->runController(Object(App\Controllers\Dashboard))
 3 SYSTEMPATH\CodeIgniter.php(366): CodeIgniter\CodeIgniter->handleRequest(null, Object(Config\Cache), false)
 4 FCPATH\index.php(67): CodeIgniter\CodeIgniter->run()
CRITICAL - 2023-08-12 21:44:11 --> Too few arguments to function App\Controllers\Dashboard::updatevista(), 0 passed in C:\xampp\htdocs\code\system\CodeIgniter.php on line 932 and exactly 1 expected
in APPPATH\Controllers\Dashboard.php on line 23.
 1 SYSTEMPATH\CodeIgniter.php(932): App\Controllers\Dashboard->updatevista()
 2 SYSTEMPATH\CodeIgniter.php(497): CodeIgniter\CodeIgniter->runController(Object(App\Controllers\Dashboard))
 3 SYSTEMPATH\CodeIgniter.php(366): CodeIgniter\CodeIgniter->handleRequest(null, Object(Config\Cache), false)
 4 FCPATH\index.php(67): CodeIgniter\CodeIgniter->run()
CRITICAL - 2023-08-12 21:46:52 --> Undefined variable $registro
in APPPATH\Views\dashboard\index.php on line 133.
 1 APPPATH\Views\dashboard\index.php(133): CodeIgniter\Debug\Exceptions->errorHandler(2, 'Undefined variable $registro', 'C:\\xampp\\htdocs\\code\\app\\Views\\dashboard\\index.php', 133)
 2 SYSTEMPATH\View\View.php(224): include('C:\\xampp\\htdocs\\code\\app\\Views\\dashboard\\index.php')
 3 SYSTEMPATH\View\View.php(227): CodeIgniter\View\View->CodeIgniter\View\{closure}()
 4 SYSTEMPATH\Common.php(1176): CodeIgniter\View\View->render('dashboard/index', [], true)
 5 APPPATH\Controllers\Dashboard.php(19): view('dashboard/index', [...])
 6 SYSTEMPATH\CodeIgniter.php(932): App\Controllers\Dashboard->index()
 7 SYSTEMPATH\CodeIgniter.php(497): CodeIgniter\CodeIgniter->runController(Object(App\Controllers\Dashboard))
 8 SYSTEMPATH\CodeIgniter.php(366): CodeIgniter\CodeIgniter->handleRequest(null, Object(Config\Cache), false)
 9 FCPATH\index.php(67): CodeIgniter\CodeIgniter->run()
CRITICAL - 2023-08-12 21:46:53 --> Undefined variable $registro
in APPPATH\Views\dashboard\index.php on line 133.
 1 APPPATH\Views\dashboard\index.php(133): CodeIgniter\Debug\Exceptions->errorHandler(2, 'Undefined variable $registro', 'C:\\xampp\\htdocs\\code\\app\\Views\\dashboard\\index.php', 133)
 2 SYSTEMPATH\View\View.php(224): include('C:\\xampp\\htdocs\\code\\app\\Views\\dashboard\\index.php')
 3 SYSTEMPATH\View\View.php(227): CodeIgniter\View\View->CodeIgniter\View\{closure}()
 4 SYSTEMPATH\Common.php(1176): CodeIgniter\View\View->render('dashboard/index', [], true)
 5 APPPATH\Controllers\Dashboard.php(19): view('dashboard/index', [...])
 6 SYSTEMPATH\CodeIgniter.php(932): App\Controllers\Dashboard->index()
 7 SYSTEMPATH\CodeIgniter.php(497): CodeIgniter\CodeIgniter->runController(Object(App\Controllers\Dashboard))
 8 SYSTEMPATH\CodeIgniter.php(366): CodeIgniter\CodeIgniter->handleRequest(null, Object(Config\Cache), false)
 9 FCPATH\index.php(67): CodeIgniter\CodeIgniter->run()
CRITICAL - 2023-08-12 21:46:53 --> Undefined variable $registro
in APPPATH\Views\dashboard\index.php on line 133.
 1 APPPATH\Views\dashboard\index.php(133): CodeIgniter\Debug\Exceptions->errorHandler(2, 'Undefined variable $registro', 'C:\\xampp\\htdocs\\code\\app\\Views\\dashboard\\index.php', 133)
 2 SYSTEMPATH\View\View.php(224): include('C:\\xampp\\htdocs\\code\\app\\Views\\dashboard\\index.php')
 3 SYSTEMPATH\View\View.php(227): CodeIgniter\View\View->CodeIgniter\View\{closure}()
 4 SYSTEMPATH\Common.php(1176): CodeIgniter\View\View->render('dashboard/index', [], true)
 5 APPPATH\Controllers\Dashboard.php(19): view('dashboard/index', [...])
 6 SYSTEMPATH\CodeIgniter.php(932): App\Controllers\Dashboard->index()
 7 SYSTEMPATH\CodeIgniter.php(497): CodeIgniter\CodeIgniter->runController(Object(App\Controllers\Dashboard))
 8 SYSTEMPATH\CodeIgniter.php(366): CodeIgniter\CodeIgniter->handleRequest(null, Object(Config\Cache), false)
 9 FCPATH\index.php(67): CodeIgniter\CodeIgniter->run()
CRITICAL - 2023-08-12 21:46:53 --> Undefined variable $registro
in APPPATH\Views\dashboard\index.php on line 133.
 1 APPPATH\Views\dashboard\index.php(133): CodeIgniter\Debug\Exceptions->errorHandler(2, 'Undefined variable $registro', 'C:\\xampp\\htdocs\\code\\app\\Views\\dashboard\\index.php', 133)
 2 SYSTEMPATH\View\View.php(224): include('C:\\xampp\\htdocs\\code\\app\\Views\\dashboard\\index.php')
 3 SYSTEMPATH\View\View.php(227): CodeIgniter\View\View->CodeIgniter\View\{closure}()
 4 SYSTEMPATH\Common.php(1176): CodeIgniter\View\View->render('dashboard/index', [], true)
 5 APPPATH\Controllers\Dashboard.php(19): view('dashboard/index', [...])
 6 SYSTEMPATH\CodeIgniter.php(932): App\Controllers\Dashboard->index()
 7 SYSTEMPATH\CodeIgniter.php(497): CodeIgniter\CodeIgniter->runController(Object(App\Controllers\Dashboard))
 8 SYSTEMPATH\CodeIgniter.php(366): CodeIgniter\CodeIgniter->handleRequest(null, Object(Config\Cache), false)
 9 FCPATH\index.php(67): CodeIgniter\CodeIgniter->run()
CRITICAL - 2023-08-12 21:46:54 --> Undefined variable $registro
in APPPATH\Views\dashboard\index.php on line 133.
 1 APPPATH\Views\dashboard\index.php(133): CodeIgniter\Debug\Exceptions->errorHandler(2, 'Undefined variable $registro', 'C:\\xampp\\htdocs\\code\\app\\Views\\dashboard\\index.php', 133)
 2 SYSTEMPATH\View\View.php(224): include('C:\\xampp\\htdocs\\code\\app\\Views\\dashboard\\index.php')
 3 SYSTEMPATH\View\View.php(227): CodeIgniter\View\View->CodeIgniter\View\{closure}()
 4 SYSTEMPATH\Common.php(1176): CodeIgniter\View\View->render('dashboard/index', [], true)
 5 APPPATH\Controllers\Dashboard.php(19): view('dashboard/index', [...])
 6 SYSTEMPATH\CodeIgniter.php(932): App\Controllers\Dashboard->index()
 7 SYSTEMPATH\CodeIgniter.php(497): CodeIgniter\CodeIgniter->runController(Object(App\Controllers\Dashboard))
 8 SYSTEMPATH\CodeIgniter.php(366): CodeIgniter\CodeIgniter->handleRequest(null, Object(Config\Cache), false)
 9 FCPATH\index.php(67): CodeIgniter\CodeIgniter->run()
CRITICAL - 2023-08-12 21:46:54 --> Undefined variable $registro
in APPPATH\Views\dashboard\index.php on line 133.
 1 APPPATH\Views\dashboard\index.php(133): CodeIgniter\Debug\Exceptions->errorHandler(2, 'Undefined variable $registro', 'C:\\xampp\\htdocs\\code\\app\\Views\\dashboard\\index.php', 133)
 2 SYSTEMPATH\View\View.php(224): include('C:\\xampp\\htdocs\\code\\app\\Views\\dashboard\\index.php')
 3 SYSTEMPATH\View\View.php(227): CodeIgniter\View\View->CodeIgniter\View\{closure}()
 4 SYSTEMPATH\Common.php(1176): CodeIgniter\View\View->render('dashboard/index', [], true)
 5 APPPATH\Controllers\Dashboard.php(19): view('dashboard/index', [...])
 6 SYSTEMPATH\CodeIgniter.php(932): App\Controllers\Dashboard->index()
 7 SYSTEMPATH\CodeIgniter.php(497): CodeIgniter\CodeIgniter->runController(Object(App\Controllers\Dashboard))
 8 SYSTEMPATH\CodeIgniter.php(366): CodeIgniter\CodeIgniter->handleRequest(null, Object(Config\Cache), false)
 9 FCPATH\index.php(67): CodeIgniter\CodeIgniter->run()
CRITICAL - 2023-08-12 21:46:54 --> Undefined variable $registro
in APPPATH\Views\dashboard\index.php on line 133.
 1 APPPATH\Views\dashboard\index.php(133): CodeIgniter\Debug\Exceptions->errorHandler(2, 'Undefined variable $registro', 'C:\\xampp\\htdocs\\code\\app\\Views\\dashboard\\index.php', 133)
 2 SYSTEMPATH\View\View.php(224): include('C:\\xampp\\htdocs\\code\\app\\Views\\dashboard\\index.php')
 3 SYSTEMPATH\View\View.php(227): CodeIgniter\View\View->CodeIgniter\View\{closure}()
 4 SYSTEMPATH\Common.php(1176): CodeIgniter\View\View->render('dashboard/index', [], true)
 5 APPPATH\Controllers\Dashboard.php(19): view('dashboard/index', [...])
 6 SYSTEMPATH\CodeIgniter.php(932): App\Controllers\Dashboard->index()
 7 SYSTEMPATH\CodeIgniter.php(497): CodeIgniter\CodeIgniter->runController(Object(App\Controllers\Dashboard))
 8 SYSTEMPATH\CodeIgniter.php(366): CodeIgniter\CodeIgniter->handleRequest(null, Object(Config\Cache), false)
 9 FCPATH\index.php(67): CodeIgniter\CodeIgniter->run()
CRITICAL - 2023-08-12 21:47:00 --> Undefined variable $registro
in APPPATH\Views\dashboard\index.php on line 133.
 1 APPPATH\Views\dashboard\index.php(133): CodeIgniter\Debug\Exceptions->errorHandler(2, 'Undefined variable $registro', 'C:\\xampp\\htdocs\\code\\app\\Views\\dashboard\\index.php', 133)
 2 SYSTEMPATH\View\View.php(224): include('C:\\xampp\\htdocs\\code\\app\\Views\\dashboard\\index.php')
 3 SYSTEMPATH\View\View.php(227): CodeIgniter\View\View->CodeIgniter\View\{closure}()
 4 SYSTEMPATH\Common.php(1176): CodeIgniter\View\View->render('dashboard/index', [], true)
 5 APPPATH\Controllers\Dashboard.php(19): view('dashboard/index', [...])
 6 SYSTEMPATH\CodeIgniter.php(932): App\Controllers\Dashboard->index()
 7 SYSTEMPATH\CodeIgniter.php(497): CodeIgniter\CodeIgniter->runController(Object(App\Controllers\Dashboard))
 8 SYSTEMPATH\CodeIgniter.php(366): CodeIgniter\CodeIgniter->handleRequest(null, Object(Config\Cache), false)
 9 FCPATH\index.php(67): CodeIgniter\CodeIgniter->run()
CRITICAL - 2023-08-12 21:47:01 --> Undefined variable $registro
in APPPATH\Views\dashboard\index.php on line 133.
 1 APPPATH\Views\dashboard\index.php(133): CodeIgniter\Debug\Exceptions->errorHandler(2, 'Undefined variable $registro', 'C:\\xampp\\htdocs\\code\\app\\Views\\dashboard\\index.php', 133)
 2 SYSTEMPATH\View\View.php(224): include('C:\\xampp\\htdocs\\code\\app\\Views\\dashboard\\index.php')
 3 SYSTEMPATH\View\View.php(227): CodeIgniter\View\View->CodeIgniter\View\{closure}()
 4 SYSTEMPATH\Common.php(1176): CodeIgniter\View\View->render('dashboard/index', [], true)
 5 APPPATH\Controllers\Dashboard.php(19): view('dashboard/index', [...])
 6 SYSTEMPATH\CodeIgniter.php(932): App\Controllers\Dashboard->index()
 7 SYSTEMPATH\CodeIgniter.php(497): CodeIgniter\CodeIgniter->runController(Object(App\Controllers\Dashboard))
 8 SYSTEMPATH\CodeIgniter.php(366): CodeIgniter\CodeIgniter->handleRequest(null, Object(Config\Cache), false)
 9 FCPATH\index.php(67): CodeIgniter\CodeIgniter->run()
CRITICAL - 2023-08-12 21:50:31 --> Undefined variable $registro
in APPPATH\Views\vistaupdate\index.php on line 66.
 1 APPPATH\Views\vistaupdate\index.php(66): CodeIgniter\Debug\Exceptions->errorHandler(2, 'Undefined variable $registro', 'C:\\xampp\\htdocs\\code\\app\\Views\\vistaupdate\\index.php', 66)
 2 SYSTEMPATH\View\View.php(224): include('C:\\xampp\\htdocs\\code\\app\\Views\\vistaupdate\\index.php')
 3 SYSTEMPATH\View\View.php(227): CodeIgniter\View\View->CodeIgniter\View\{closure}()
 4 SYSTEMPATH\Common.php(1176): CodeIgniter\View\View->render('vistaupdate/index', [], true)
 5 APPPATH\Controllers\Dashboard.php(25): view('vistaupdate/index')
 6 SYSTEMPATH\CodeIgniter.php(932): App\Controllers\Dashboard->updatevista()
 7 SYSTEMPATH\CodeIgniter.php(497): CodeIgniter\CodeIgniter->runController(Object(App\Controllers\Dashboard))
 8 SYSTEMPATH\CodeIgniter.php(366): CodeIgniter\CodeIgniter->handleRequest(null, Object(Config\Cache), false)
 9 FCPATH\index.php(67): CodeIgniter\CodeIgniter->run()
CRITICAL - 2023-08-12 21:50:46 --> Undefined variable $registro
in APPPATH\Views\vistaupdate\index.php on line 66.
 1 APPPATH\Views\vistaupdate\index.php(66): CodeIgniter\Debug\Exceptions->errorHandler(2, 'Undefined variable $registro', 'C:\\xampp\\htdocs\\code\\app\\Views\\vistaupdate\\index.php', 66)
 2 SYSTEMPATH\View\View.php(224): include('C:\\xampp\\htdocs\\code\\app\\Views\\vistaupdate\\index.php')
 3 SYSTEMPATH\View\View.php(227): CodeIgniter\View\View->CodeIgniter\View\{closure}()
 4 SYSTEMPATH\Common.php(1176): CodeIgniter\View\View->render('vistaupdate/index', [], true)
 5 APPPATH\Controllers\Dashboard.php(25): view('vistaupdate/index')
 6 SYSTEMPATH\CodeIgniter.php(932): App\Controllers\Dashboard->updatevista()
 7 SYSTEMPATH\CodeIgniter.php(497): CodeIgniter\CodeIgniter->runController(Object(App\Controllers\Dashboard))
 8 SYSTEMPATH\CodeIgniter.php(366): CodeIgniter\CodeIgniter->handleRequest(null, Object(Config\Cache), false)
 9 FCPATH\index.php(67): CodeIgniter\CodeIgniter->run()
CRITICAL - 2023-08-12 21:50:46 --> Undefined variable $registro
in APPPATH\Views\vistaupdate\index.php on line 66.
 1 APPPATH\Views\vistaupdate\index.php(66): CodeIgniter\Debug\Exceptions->errorHandler(2, 'Undefined variable $registro', 'C:\\xampp\\htdocs\\code\\app\\Views\\vistaupdate\\index.php', 66)
 2 SYSTEMPATH\View\View.php(224): include('C:\\xampp\\htdocs\\code\\app\\Views\\vistaupdate\\index.php')
 3 SYSTEMPATH\View\View.php(227): CodeIgniter\View\View->CodeIgniter\View\{closure}()
 4 SYSTEMPATH\Common.php(1176): CodeIgniter\View\View->render('vistaupdate/index', [], true)
 5 APPPATH\Controllers\Dashboard.php(25): view('vistaupdate/index')
 6 SYSTEMPATH\CodeIgniter.php(932): App\Controllers\Dashboard->updatevista()
 7 SYSTEMPATH\CodeIgniter.php(497): CodeIgniter\CodeIgniter->runController(Object(App\Controllers\Dashboard))
 8 SYSTEMPATH\CodeIgniter.php(366): CodeIgniter\CodeIgniter->handleRequest(null, Object(Config\Cache), false)
 9 FCPATH\index.php(67): CodeIgniter\CodeIgniter->run()
CRITICAL - 2023-08-12 21:50:46 --> Undefined variable $registro
in APPPATH\Views\vistaupdate\index.php on line 66.
 1 APPPATH\Views\vistaupdate\index.php(66): CodeIgniter\Debug\Exceptions->errorHandler(2, 'Undefined variable $registro', 'C:\\xampp\\htdocs\\code\\app\\Views\\vistaupdate\\index.php', 66)
 2 SYSTEMPATH\View\View.php(224): include('C:\\xampp\\htdocs\\code\\app\\Views\\vistaupdate\\index.php')
 3 SYSTEMPATH\View\View.php(227): CodeIgniter\View\View->CodeIgniter\View\{closure}()
 4 SYSTEMPATH\Common.php(1176): CodeIgniter\View\View->render('vistaupdate/index', [], true)
 5 APPPATH\Controllers\Dashboard.php(25): view('vistaupdate/index')
 6 SYSTEMPATH\CodeIgniter.php(932): App\Controllers\Dashboard->updatevista()
 7 SYSTEMPATH\CodeIgniter.php(497): CodeIgniter\CodeIgniter->runController(Object(App\Controllers\Dashboard))
 8 SYSTEMPATH\CodeIgniter.php(366): CodeIgniter\CodeIgniter->handleRequest(null, Object(Config\Cache), false)
 9 FCPATH\index.php(67): CodeIgniter\CodeIgniter->run()
CRITICAL - 2023-08-12 21:50:52 --> Undefined variable $registro
in APPPATH\Views\vistaupdate\index.php on line 66.
 1 APPPATH\Views\vistaupdate\index.php(66): CodeIgniter\Debug\Exceptions->errorHandler(2, 'Undefined variable $registro', 'C:\\xampp\\htdocs\\code\\app\\Views\\vistaupdate\\index.php', 66)
 2 SYSTEMPATH\View\View.php(224): include('C:\\xampp\\htdocs\\code\\app\\Views\\vistaupdate\\index.php')
 3 SYSTEMPATH\View\View.php(227): CodeIgniter\View\View->CodeIgniter\View\{closure}()
 4 SYSTEMPATH\Common.php(1176): CodeIgniter\View\View->render('vistaupdate/index', [], true)
 5 APPPATH\Controllers\Dashboard.php(25): view('vistaupdate/index')
 6 SYSTEMPATH\CodeIgniter.php(932): App\Controllers\Dashboard->updatevista()
 7 SYSTEMPATH\CodeIgniter.php(497): CodeIgniter\CodeIgniter->runController(Object(App\Controllers\Dashboard))
 8 SYSTEMPATH\CodeIgniter.php(366): CodeIgniter\CodeIgniter->handleRequest(null, Object(Config\Cache), false)
 9 FCPATH\index.php(67): CodeIgniter\CodeIgniter->run()
CRITICAL - 2023-08-12 21:51:07 --> Undefined variable $registro
in APPPATH\Views\vistaupdate\index.php on line 66.
 1 APPPATH\Views\vistaupdate\index.php(66): CodeIgniter\Debug\Exceptions->errorHandler(2, 'Undefined variable $registro', 'C:\\xampp\\htdocs\\code\\app\\Views\\vistaupdate\\index.php', 66)
 2 SYSTEMPATH\View\View.php(224): include('C:\\xampp\\htdocs\\code\\app\\Views\\vistaupdate\\index.php')
 3 SYSTEMPATH\View\View.php(227): CodeIgniter\View\View->CodeIgniter\View\{closure}()
 4 SYSTEMPATH\Common.php(1176): CodeIgniter\View\View->render('vistaupdate/index', [], true)
 5 APPPATH\Controllers\Dashboard.php(25): view('vistaupdate/index')
 6 SYSTEMPATH\CodeIgniter.php(932): App\Controllers\Dashboard->updatevista()
 7 SYSTEMPATH\CodeIgniter.php(497): CodeIgniter\CodeIgniter->runController(Object(App\Controllers\Dashboard))
 8 SYSTEMPATH\CodeIgniter.php(366): CodeIgniter\CodeIgniter->handleRequest(null, Object(Config\Cache), false)
 9 FCPATH\index.php(67): CodeIgniter\CodeIgniter->run()
CRITICAL - 2023-08-12 22:04:48 --> Undefined variable $datos
in APPPATH\Views\vistaupdate\index.php on line 66.
 1 APPPATH\Views\vistaupdate\index.php(66): CodeIgniter\Debug\Exceptions->errorHandler(2, 'Undefined variable $datos', 'C:\\xampp\\htdocs\\code\\app\\Views\\vistaupdate\\index.php', 66)
 2 SYSTEMPATH\View\View.php(224): include('C:\\xampp\\htdocs\\code\\app\\Views\\vistaupdate\\index.php')
 3 SYSTEMPATH\View\View.php(227): CodeIgniter\View\View->CodeIgniter\View\{closure}()
 4 SYSTEMPATH\Common.php(1176): CodeIgniter\View\View->render('vistaupdate/index', [], true)
 5 APPPATH\Controllers\Dashboard.php(25): view('vistaupdate/index')
 6 SYSTEMPATH\CodeIgniter.php(932): App\Controllers\Dashboard->updatevista()
 7 SYSTEMPATH\CodeIgniter.php(497): CodeIgniter\CodeIgniter->runController(Object(App\Controllers\Dashboard))
 8 SYSTEMPATH\CodeIgniter.php(366): CodeIgniter\CodeIgniter->handleRequest(null, Object(Config\Cache), false)
 9 FCPATH\index.php(67): CodeIgniter\CodeIgniter->run()
CRITICAL - 2023-08-12 22:04:57 --> Undefined variable $datos
in APPPATH\Views\vistaupdate\index.php on line 66.
 1 APPPATH\Views\vistaupdate\index.php(66): CodeIgniter\Debug\Exceptions->errorHandler(2, 'Undefined variable $datos', 'C:\\xampp\\htdocs\\code\\app\\Views\\vistaupdate\\index.php', 66)
 2 SYSTEMPATH\View\View.php(224): include('C:\\xampp\\htdocs\\code\\app\\Views\\vistaupdate\\index.php')
 3 SYSTEMPATH\View\View.php(227): CodeIgniter\View\View->CodeIgniter\View\{closure}()
 4 SYSTEMPATH\Common.php(1176): CodeIgniter\View\View->render('vistaupdate/index', [], true)
 5 APPPATH\Controllers\Dashboard.php(25): view('vistaupdate/index')
 6 SYSTEMPATH\CodeIgniter.php(932): App\Controllers\Dashboard->updatevista()
 7 SYSTEMPATH\CodeIgniter.php(497): CodeIgniter\CodeIgniter->runController(Object(App\Controllers\Dashboard))
 8 SYSTEMPATH\CodeIgniter.php(366): CodeIgniter\CodeIgniter->handleRequest(null, Object(Config\Cache), false)
 9 FCPATH\index.php(67): CodeIgniter\CodeIgniter->run()
CRITICAL - 2023-08-12 22:05:10 --> Call to undefined function set_value()
in APPPATH\Views\vistaupdate\index.php on line 96.
 1 SYSTEMPATH\View\View.php(224): include()
 2 SYSTEMPATH\View\View.php(227): CodeIgniter\View\View->CodeIgniter\View\{closure}()
 3 SYSTEMPATH\Common.php(1176): CodeIgniter\View\View->render('vistaupdate/index', [], true)
 4 APPPATH\Controllers\Dashboard.php(25): view('vistaupdate/index')
 5 SYSTEMPATH\CodeIgniter.php(932): App\Controllers\Dashboard->updatevista()
 6 SYSTEMPATH\CodeIgniter.php(497): CodeIgniter\CodeIgniter->runController(Object(App\Controllers\Dashboard))
 7 SYSTEMPATH\CodeIgniter.php(366): CodeIgniter\CodeIgniter->handleRequest(null, Object(Config\Cache), false)
 8 FCPATH\index.php(67): CodeIgniter\CodeIgniter->run()
CRITICAL - 2023-08-12 22:06:55 --> Undefined variable $datos
in APPPATH\Views\vistaupdate\index.php on line 66.
 1 APPPATH\Views\vistaupdate\index.php(66): CodeIgniter\Debug\Exceptions->errorHandler(2, 'Undefined variable $datos', 'C:\\xampp\\htdocs\\code\\app\\Views\\vistaupdate\\index.php', 66)
 2 SYSTEMPATH\View\View.php(224): include('C:\\xampp\\htdocs\\code\\app\\Views\\vistaupdate\\index.php')
 3 SYSTEMPATH\View\View.php(227): CodeIgniter\View\View->CodeIgniter\View\{closure}()
 4 SYSTEMPATH\Common.php(1176): CodeIgniter\View\View->render('vistaupdate/index', [], true)
 5 APPPATH\Controllers\Dashboard.php(25): view('vistaupdate/index')
 6 SYSTEMPATH\CodeIgniter.php(932): App\Controllers\Dashboard->updatevista()
 7 SYSTEMPATH\CodeIgniter.php(497): CodeIgniter\CodeIgniter->runController(Object(App\Controllers\Dashboard))
 8 SYSTEMPATH\CodeIgniter.php(366): CodeIgniter\CodeIgniter->handleRequest(null, Object(Config\Cache), false)
 9 FCPATH\index.php(67): CodeIgniter\CodeIgniter->run()
CRITICAL - 2023-08-12 22:07:11 --> Undefined variable $datos
in APPPATH\Views\vistaupdate\index.php on line 66.
 1 APPPATH\Views\vistaupdate\index.php(66): CodeIgniter\Debug\Exceptions->errorHandler(2, 'Undefined variable $datos', 'C:\\xampp\\htdocs\\code\\app\\Views\\vistaupdate\\index.php', 66)
 2 SYSTEMPATH\View\View.php(224): include('C:\\xampp\\htdocs\\code\\app\\Views\\vistaupdate\\index.php')
 3 SYSTEMPATH\View\View.php(227): CodeIgniter\View\View->CodeIgniter\View\{closure}()
 4 SYSTEMPATH\Common.php(1176): CodeIgniter\View\View->render('vistaupdate/index', [], true)
 5 APPPATH\Controllers\Dashboard.php(25): view('vistaupdate/index')
 6 SYSTEMPATH\CodeIgniter.php(932): App\Controllers\Dashboard->updatevista()
 7 SYSTEMPATH\CodeIgniter.php(497): CodeIgniter\CodeIgniter->runController(Object(App\Controllers\Dashboard))
 8 SYSTEMPATH\CodeIgniter.php(366): CodeIgniter\CodeIgniter->handleRequest(null, Object(Config\Cache), false)
 9 FCPATH\index.php(67): CodeIgniter\CodeIgniter->run()
CRITICAL - 2023-08-12 22:08:18 --> Call to undefined function set_value()
in APPPATH\Views\vistaupdate\index.php on line 96.
 1 SYSTEMPATH\View\View.php(224): include()
 2 SYSTEMPATH\View\View.php(227): CodeIgniter\View\View->CodeIgniter\View\{closure}()
 3 SYSTEMPATH\Common.php(1176): CodeIgniter\View\View->render('vistaupdate/index', [], true)
 4 APPPATH\Controllers\Dashboard.php(25): view('vistaupdate/index')
 5 SYSTEMPATH\CodeIgniter.php(932): App\Controllers\Dashboard->updatevista()
 6 SYSTEMPATH\CodeIgniter.php(497): CodeIgniter\CodeIgniter->runController(Object(App\Controllers\Dashboard))
 7 SYSTEMPATH\CodeIgniter.php(366): CodeIgniter\CodeIgniter->handleRequest(null, Object(Config\Cache), false)
 8 FCPATH\index.php(67): CodeIgniter\CodeIgniter->run()
CRITICAL - 2023-08-12 22:08:45 --> Undefined variable $datos
in APPPATH\Views\vistaupdate\index.php on line 66.
 1 APPPATH\Views\vistaupdate\index.php(66): CodeIgniter\Debug\Exceptions->errorHandler(2, 'Undefined variable $datos', 'C:\\xampp\\htdocs\\code\\app\\Views\\vistaupdate\\index.php', 66)
 2 SYSTEMPATH\View\View.php(224): include('C:\\xampp\\htdocs\\code\\app\\Views\\vistaupdate\\index.php')
 3 SYSTEMPATH\View\View.php(227): CodeIgniter\View\View->CodeIgniter\View\{closure}()
 4 SYSTEMPATH\Common.php(1176): CodeIgniter\View\View->render('vistaupdate/index', [], true)
 5 APPPATH\Controllers\Dashboard.php(25): view('vistaupdate/index')
 6 SYSTEMPATH\CodeIgniter.php(932): App\Controllers\Dashboard->updatevista()
 7 SYSTEMPATH\CodeIgniter.php(497): CodeIgniter\CodeIgniter->runController(Object(App\Controllers\Dashboard))
 8 SYSTEMPATH\CodeIgniter.php(366): CodeIgniter\CodeIgniter->handleRequest(null, Object(Config\Cache), false)
 9 FCPATH\index.php(67): CodeIgniter\CodeIgniter->run()
CRITICAL - 2023-08-12 22:08:47 --> Undefined variable $datos
in APPPATH\Views\vistaupdate\index.php on line 66.
 1 APPPATH\Views\vistaupdate\index.php(66): CodeIgniter\Debug\Exceptions->errorHandler(2, 'Undefined variable $datos', 'C:\\xampp\\htdocs\\code\\app\\Views\\vistaupdate\\index.php', 66)
 2 SYSTEMPATH\View\View.php(224): include('C:\\xampp\\htdocs\\code\\app\\Views\\vistaupdate\\index.php')
 3 SYSTEMPATH\View\View.php(227): CodeIgniter\View\View->CodeIgniter\View\{closure}()
 4 SYSTEMPATH\Common.php(1176): CodeIgniter\View\View->render('vistaupdate/index', [], true)
 5 APPPATH\Controllers\Dashboard.php(25): view('vistaupdate/index')
 6 SYSTEMPATH\CodeIgniter.php(932): App\Controllers\Dashboard->updatevista()
 7 SYSTEMPATH\CodeIgniter.php(497): CodeIgniter\CodeIgniter->runController(Object(App\Controllers\Dashboard))
 8 SYSTEMPATH\CodeIgniter.php(366): CodeIgniter\CodeIgniter->handleRequest(null, Object(Config\Cache), false)
 9 FCPATH\index.php(67): CodeIgniter\CodeIgniter->run()
CRITICAL - 2023-08-12 22:08:47 --> Undefined variable $datos
in APPPATH\Views\vistaupdate\index.php on line 66.
 1 APPPATH\Views\vistaupdate\index.php(66): CodeIgniter\Debug\Exceptions->errorHandler(2, 'Undefined variable $datos', 'C:\\xampp\\htdocs\\code\\app\\Views\\vistaupdate\\index.php', 66)
 2 SYSTEMPATH\View\View.php(224): include('C:\\xampp\\htdocs\\code\\app\\Views\\vistaupdate\\index.php')
 3 SYSTEMPATH\View\View.php(227): CodeIgniter\View\View->CodeIgniter\View\{closure}()
 4 SYSTEMPATH\Common.php(1176): CodeIgniter\View\View->render('vistaupdate/index', [], true)
 5 APPPATH\Controllers\Dashboard.php(25): view('vistaupdate/index')
 6 SYSTEMPATH\CodeIgniter.php(932): App\Controllers\Dashboard->updatevista()
 7 SYSTEMPATH\CodeIgniter.php(497): CodeIgniter\CodeIgniter->runController(Object(App\Controllers\Dashboard))
 8 SYSTEMPATH\CodeIgniter.php(366): CodeIgniter\CodeIgniter->handleRequest(null, Object(Config\Cache), false)
 9 FCPATH\index.php(67): CodeIgniter\CodeIgniter->run()
CRITICAL - 2023-08-12 22:15:02 --> Undefined variable $datos
in APPPATH\Views\vistaupdate\index.php on line 66.
 1 APPPATH\Views\vistaupdate\index.php(66): CodeIgniter\Debug\Exceptions->errorHandler(2, 'Undefined variable $datos', 'C:\\xampp\\htdocs\\code\\app\\Views\\vistaupdate\\index.php', 66)
 2 SYSTEMPATH\View\View.php(224): include('C:\\xampp\\htdocs\\code\\app\\Views\\vistaupdate\\index.php')
 3 SYSTEMPATH\View\View.php(227): CodeIgniter\View\View->CodeIgniter\View\{closure}()
 4 SYSTEMPATH\Common.php(1176): CodeIgniter\View\View->render('vistaupdate/index', [], true)
 5 APPPATH\Controllers\Dashboard.php(25): view('vistaupdate/index')
 6 SYSTEMPATH\CodeIgniter.php(932): App\Controllers\Dashboard->updatevista()
 7 SYSTEMPATH\CodeIgniter.php(497): CodeIgniter\CodeIgniter->runController(Object(App\Controllers\Dashboard))
 8 SYSTEMPATH\CodeIgniter.php(366): CodeIgniter\CodeIgniter->handleRequest(null, Object(Config\Cache), false)
 9 FCPATH\index.php(67): CodeIgniter\CodeIgniter->run()
CRITICAL - 2023-08-12 22:15:04 --> Undefined variable $datos
in APPPATH\Views\vistaupdate\index.php on line 66.
 1 APPPATH\Views\vistaupdate\index.php(66): CodeIgniter\Debug\Exceptions->errorHandler(2, 'Undefined variable $datos', 'C:\\xampp\\htdocs\\code\\app\\Views\\vistaupdate\\index.php', 66)
 2 SYSTEMPATH\View\View.php(224): include('C:\\xampp\\htdocs\\code\\app\\Views\\vistaupdate\\index.php')
 3 SYSTEMPATH\View\View.php(227): CodeIgniter\View\View->CodeIgniter\View\{closure}()
 4 SYSTEMPATH\Common.php(1176): CodeIgniter\View\View->render('vistaupdate/index', [], true)
 5 APPPATH\Controllers\Dashboard.php(25): view('vistaupdate/index')
 6 SYSTEMPATH\CodeIgniter.php(932): App\Controllers\Dashboard->updatevista()
 7 SYSTEMPATH\CodeIgniter.php(497): CodeIgniter\CodeIgniter->runController(Object(App\Controllers\Dashboard))
 8 SYSTEMPATH\CodeIgniter.php(366): CodeIgniter\CodeIgniter->handleRequest(null, Object(Config\Cache), false)
 9 FCPATH\index.php(67): CodeIgniter\CodeIgniter->run()
CRITICAL - 2023-08-12 22:15:04 --> Undefined variable $datos
in APPPATH\Views\vistaupdate\index.php on line 66.
 1 APPPATH\Views\vistaupdate\index.php(66): CodeIgniter\Debug\Exceptions->errorHandler(2, 'Undefined variable $datos', 'C:\\xampp\\htdocs\\code\\app\\Views\\vistaupdate\\index.php', 66)
 2 SYSTEMPATH\View\View.php(224): include('C:\\xampp\\htdocs\\code\\app\\Views\\vistaupdate\\index.php')
 3 SYSTEMPATH\View\View.php(227): CodeIgniter\View\View->CodeIgniter\View\{closure}()
 4 SYSTEMPATH\Common.php(1176): CodeIgniter\View\View->render('vistaupdate/index', [], true)
 5 APPPATH\Controllers\Dashboard.php(25): view('vistaupdate/index')
 6 SYSTEMPATH\CodeIgniter.php(932): App\Controllers\Dashboard->updatevista()
 7 SYSTEMPATH\CodeIgniter.php(497): CodeIgniter\CodeIgniter->runController(Object(App\Controllers\Dashboard))
 8 SYSTEMPATH\CodeIgniter.php(366): CodeIgniter\CodeIgniter->handleRequest(null, Object(Config\Cache), false)
 9 FCPATH\index.php(67): CodeIgniter\CodeIgniter->run()
CRITICAL - 2023-08-12 22:15:05 --> Undefined variable $datos
in APPPATH\Views\vistaupdate\index.php on line 66.
 1 APPPATH\Views\vistaupdate\index.php(66): CodeIgniter\Debug\Exceptions->errorHandler(2, 'Undefined variable $datos', 'C:\\xampp\\htdocs\\code\\app\\Views\\vistaupdate\\index.php', 66)
 2 SYSTEMPATH\View\View.php(224): include('C:\\xampp\\htdocs\\code\\app\\Views\\vistaupdate\\index.php')
 3 SYSTEMPATH\View\View.php(227): CodeIgniter\View\View->CodeIgniter\View\{closure}()
 4 SYSTEMPATH\Common.php(1176): CodeIgniter\View\View->render('vistaupdate/index', [], true)
 5 APPPATH\Controllers\Dashboard.php(25): view('vistaupdate/index')
 6 SYSTEMPATH\CodeIgniter.php(932): App\Controllers\Dashboard->updatevista()
 7 SYSTEMPATH\CodeIgniter.php(497): CodeIgniter\CodeIgniter->runController(Object(App\Controllers\Dashboard))
 8 SYSTEMPATH\CodeIgniter.php(366): CodeIgniter\CodeIgniter->handleRequest(null, Object(Config\Cache), false)
 9 FCPATH\index.php(67): CodeIgniter\CodeIgniter->run()
CRITICAL - 2023-08-12 22:15:05 --> Undefined variable $datos
in APPPATH\Views\vistaupdate\index.php on line 66.
 1 APPPATH\Views\vistaupdate\index.php(66): CodeIgniter\Debug\Exceptions->errorHandler(2, 'Undefined variable $datos', 'C:\\xampp\\htdocs\\code\\app\\Views\\vistaupdate\\index.php', 66)
 2 SYSTEMPATH\View\View.php(224): include('C:\\xampp\\htdocs\\code\\app\\Views\\vistaupdate\\index.php')
 3 SYSTEMPATH\View\View.php(227): CodeIgniter\View\View->CodeIgniter\View\{closure}()
 4 SYSTEMPATH\Common.php(1176): CodeIgniter\View\View->render('vistaupdate/index', [], true)
 5 APPPATH\Controllers\Dashboard.php(25): view('vistaupdate/index')
 6 SYSTEMPATH\CodeIgniter.php(932): App\Controllers\Dashboard->updatevista()
 7 SYSTEMPATH\CodeIgniter.php(497): CodeIgniter\CodeIgniter->runController(Object(App\Controllers\Dashboard))
 8 SYSTEMPATH\CodeIgniter.php(366): CodeIgniter\CodeIgniter->handleRequest(null, Object(Config\Cache), false)
 9 FCPATH\index.php(67): CodeIgniter\CodeIgniter->run()
CRITICAL - 2023-08-12 22:15:05 --> Undefined variable $datos
in APPPATH\Views\vistaupdate\index.php on line 66.
 1 APPPATH\Views\vistaupdate\index.php(66): CodeIgniter\Debug\Exceptions->errorHandler(2, 'Undefined variable $datos', 'C:\\xampp\\htdocs\\code\\app\\Views\\vistaupdate\\index.php', 66)
 2 SYSTEMPATH\View\View.php(224): include('C:\\xampp\\htdocs\\code\\app\\Views\\vistaupdate\\index.php')
 3 SYSTEMPATH\View\View.php(227): CodeIgniter\View\View->CodeIgniter\View\{closure}()
 4 SYSTEMPATH\Common.php(1176): CodeIgniter\View\View->render('vistaupdate/index', [], true)
 5 APPPATH\Controllers\Dashboard.php(25): view('vistaupdate/index')
 6 SYSTEMPATH\CodeIgniter.php(932): App\Controllers\Dashboard->updatevista()
 7 SYSTEMPATH\CodeIgniter.php(497): CodeIgniter\CodeIgniter->runController(Object(App\Controllers\Dashboard))
 8 SYSTEMPATH\CodeIgniter.php(366): CodeIgniter\CodeIgniter->handleRequest(null, Object(Config\Cache), false)
 9 FCPATH\index.php(67): CodeIgniter\CodeIgniter->run()
CRITICAL - 2023-08-12 22:15:05 --> Undefined variable $datos
in APPPATH\Views\vistaupdate\index.php on line 66.
 1 APPPATH\Views\vistaupdate\index.php(66): CodeIgniter\Debug\Exceptions->errorHandler(2, 'Undefined variable $datos', 'C:\\xampp\\htdocs\\code\\app\\Views\\vistaupdate\\index.php', 66)
 2 SYSTEMPATH\View\View.php(224): include('C:\\xampp\\htdocs\\code\\app\\Views\\vistaupdate\\index.php')
 3 SYSTEMPATH\View\View.php(227): CodeIgniter\View\View->CodeIgniter\View\{closure}()
 4 SYSTEMPATH\Common.php(1176): CodeIgniter\View\View->render('vistaupdate/index', [], true)
 5 APPPATH\Controllers\Dashboard.php(25): view('vistaupdate/index')
 6 SYSTEMPATH\CodeIgniter.php(932): App\Controllers\Dashboard->updatevista()
 7 SYSTEMPATH\CodeIgniter.php(497): CodeIgniter\CodeIgniter->runController(Object(App\Controllers\Dashboard))
 8 SYSTEMPATH\CodeIgniter.php(366): CodeIgniter\CodeIgniter->handleRequest(null, Object(Config\Cache), false)
 9 FCPATH\index.php(67): CodeIgniter\CodeIgniter->run()
CRITICAL - 2023-08-12 22:15:05 --> Undefined variable $datos
in APPPATH\Views\vistaupdate\index.php on line 66.
 1 APPPATH\Views\vistaupdate\index.php(66): CodeIgniter\Debug\Exceptions->errorHandler(2, 'Undefined variable $datos', 'C:\\xampp\\htdocs\\code\\app\\Views\\vistaupdate\\index.php', 66)
 2 SYSTEMPATH\View\View.php(224): include('C:\\xampp\\htdocs\\code\\app\\Views\\vistaupdate\\index.php')
 3 SYSTEMPATH\View\View.php(227): CodeIgniter\View\View->CodeIgniter\View\{closure}()
 4 SYSTEMPATH\Common.php(1176): CodeIgniter\View\View->render('vistaupdate/index', [], true)
 5 APPPATH\Controllers\Dashboard.php(25): view('vistaupdate/index')
 6 SYSTEMPATH\CodeIgniter.php(932): App\Controllers\Dashboard->updatevista()
 7 SYSTEMPATH\CodeIgniter.php(497): CodeIgniter\CodeIgniter->runController(Object(App\Controllers\Dashboard))
 8 SYSTEMPATH\CodeIgniter.php(366): CodeIgniter\CodeIgniter->handleRequest(null, Object(Config\Cache), false)
 9 FCPATH\index.php(67): CodeIgniter\CodeIgniter->run()
CRITICAL - 2023-08-12 22:15:05 --> Undefined variable $datos
in APPPATH\Views\vistaupdate\index.php on line 66.
 1 APPPATH\Views\vistaupdate\index.php(66): CodeIgniter\Debug\Exceptions->errorHandler(2, 'Undefined variable $datos', 'C:\\xampp\\htdocs\\code\\app\\Views\\vistaupdate\\index.php', 66)
 2 SYSTEMPATH\View\View.php(224): include('C:\\xampp\\htdocs\\code\\app\\Views\\vistaupdate\\index.php')
 3 SYSTEMPATH\View\View.php(227): CodeIgniter\View\View->CodeIgniter\View\{closure}()
 4 SYSTEMPATH\Common.php(1176): CodeIgniter\View\View->render('vistaupdate/index', [], true)
 5 APPPATH\Controllers\Dashboard.php(25): view('vistaupdate/index')
 6 SYSTEMPATH\CodeIgniter.php(932): App\Controllers\Dashboard->updatevista()
 7 SYSTEMPATH\CodeIgniter.php(497): CodeIgniter\CodeIgniter->runController(Object(App\Controllers\Dashboard))
 8 SYSTEMPATH\CodeIgniter.php(366): CodeIgniter\CodeIgniter->handleRequest(null, Object(Config\Cache), false)
 9 FCPATH\index.php(67): CodeIgniter\CodeIgniter->run()
CRITICAL - 2023-08-12 22:15:06 --> Undefined variable $datos
in APPPATH\Views\vistaupdate\index.php on line 66.
 1 APPPATH\Views\vistaupdate\index.php(66): CodeIgniter\Debug\Exceptions->errorHandler(2, 'Undefined variable $datos', 'C:\\xampp\\htdocs\\code\\app\\Views\\vistaupdate\\index.php', 66)
 2 SYSTEMPATH\View\View.php(224): include('C:\\xampp\\htdocs\\code\\app\\Views\\vistaupdate\\index.php')
 3 SYSTEMPATH\View\View.php(227): CodeIgniter\View\View->CodeIgniter\View\{closure}()
 4 SYSTEMPATH\Common.php(1176): CodeIgniter\View\View->render('vistaupdate/index', [], true)
 5 APPPATH\Controllers\Dashboard.php(25): view('vistaupdate/index')
 6 SYSTEMPATH\CodeIgniter.php(932): App\Controllers\Dashboard->updatevista()
 7 SYSTEMPATH\CodeIgniter.php(497): CodeIgniter\CodeIgniter->runController(Object(App\Controllers\Dashboard))
 8 SYSTEMPATH\CodeIgniter.php(366): CodeIgniter\CodeIgniter->handleRequest(null, Object(Config\Cache), false)
 9 FCPATH\index.php(67): CodeIgniter\CodeIgniter->run()
CRITICAL - 2023-08-12 22:15:06 --> Undefined variable $datos
in APPPATH\Views\vistaupdate\index.php on line 66.
 1 APPPATH\Views\vistaupdate\index.php(66): CodeIgniter\Debug\Exceptions->errorHandler(2, 'Undefined variable $datos', 'C:\\xampp\\htdocs\\code\\app\\Views\\vistaupdate\\index.php', 66)
 2 SYSTEMPATH\View\View.php(224): include('C:\\xampp\\htdocs\\code\\app\\Views\\vistaupdate\\index.php')
 3 SYSTEMPATH\View\View.php(227): CodeIgniter\View\View->CodeIgniter\View\{closure}()
 4 SYSTEMPATH\Common.php(1176): CodeIgniter\View\View->render('vistaupdate/index', [], true)
 5 APPPATH\Controllers\Dashboard.php(25): view('vistaupdate/index')
 6 SYSTEMPATH\CodeIgniter.php(932): App\Controllers\Dashboard->updatevista()
 7 SYSTEMPATH\CodeIgniter.php(497): CodeIgniter\CodeIgniter->runController(Object(App\Controllers\Dashboard))
 8 SYSTEMPATH\CodeIgniter.php(366): CodeIgniter\CodeIgniter->handleRequest(null, Object(Config\Cache), false)
 9 FCPATH\index.php(67): CodeIgniter\CodeIgniter->run()
CRITICAL - 2023-08-12 22:15:06 --> Undefined variable $datos
in APPPATH\Views\vistaupdate\index.php on line 66.
 1 APPPATH\Views\vistaupdate\index.php(66): CodeIgniter\Debug\Exceptions->errorHandler(2, 'Undefined variable $datos', 'C:\\xampp\\htdocs\\code\\app\\Views\\vistaupdate\\index.php', 66)
 2 SYSTEMPATH\View\View.php(224): include('C:\\xampp\\htdocs\\code\\app\\Views\\vistaupdate\\index.php')
 3 SYSTEMPATH\View\View.php(227): CodeIgniter\View\View->CodeIgniter\View\{closure}()
 4 SYSTEMPATH\Common.php(1176): CodeIgniter\View\View->render('vistaupdate/index', [], true)
 5 APPPATH\Controllers\Dashboard.php(25): view('vistaupdate/index')
 6 SYSTEMPATH\CodeIgniter.php(932): App\Controllers\Dashboard->updatevista()
 7 SYSTEMPATH\CodeIgniter.php(497): CodeIgniter\CodeIgniter->runController(Object(App\Controllers\Dashboard))
 8 SYSTEMPATH\CodeIgniter.php(366): CodeIgniter\CodeIgniter->handleRequest(null, Object(Config\Cache), false)
 9 FCPATH\index.php(67): CodeIgniter\CodeIgniter->run()
CRITICAL - 2023-08-12 22:15:06 --> Undefined variable $datos
in APPPATH\Views\vistaupdate\index.php on line 66.
 1 APPPATH\Views\vistaupdate\index.php(66): CodeIgniter\Debug\Exceptions->errorHandler(2, 'Undefined variable $datos', 'C:\\xampp\\htdocs\\code\\app\\Views\\vistaupdate\\index.php', 66)
 2 SYSTEMPATH\View\View.php(224): include('C:\\xampp\\htdocs\\code\\app\\Views\\vistaupdate\\index.php')
 3 SYSTEMPATH\View\View.php(227): CodeIgniter\View\View->CodeIgniter\View\{closure}()
 4 SYSTEMPATH\Common.php(1176): CodeIgniter\View\View->render('vistaupdate/index', [], true)
 5 APPPATH\Controllers\Dashboard.php(25): view('vistaupdate/index')
 6 SYSTEMPATH\CodeIgniter.php(932): App\Controllers\Dashboard->updatevista()
 7 SYSTEMPATH\CodeIgniter.php(497): CodeIgniter\CodeIgniter->runController(Object(App\Controllers\Dashboard))
 8 SYSTEMPATH\CodeIgniter.php(366): CodeIgniter\CodeIgniter->handleRequest(null, Object(Config\Cache), false)
 9 FCPATH\index.php(67): CodeIgniter\CodeIgniter->run()
CRITICAL - 2023-08-12 22:15:10 --> Undefined variable $datos
in APPPATH\Views\vistaupdate\index.php on line 66.
 1 APPPATH\Views\vistaupdate\index.php(66): CodeIgniter\Debug\Exceptions->errorHandler(2, 'Undefined variable $datos', 'C:\\xampp\\htdocs\\code\\app\\Views\\vistaupdate\\index.php', 66)
 2 SYSTEMPATH\View\View.php(224): include('C:\\xampp\\htdocs\\code\\app\\Views\\vistaupdate\\index.php')
 3 SYSTEMPATH\View\View.php(227): CodeIgniter\View\View->CodeIgniter\View\{closure}()
 4 SYSTEMPATH\Common.php(1176): CodeIgniter\View\View->render('vistaupdate/index', [], true)
 5 APPPATH\Controllers\Dashboard.php(25): view('vistaupdate/index')
 6 SYSTEMPATH\CodeIgniter.php(932): App\Controllers\Dashboard->updatevista()
 7 SYSTEMPATH\CodeIgniter.php(497): CodeIgniter\CodeIgniter->runController(Object(App\Controllers\Dashboard))
 8 SYSTEMPATH\CodeIgniter.php(366): CodeIgniter\CodeIgniter->handleRequest(null, Object(Config\Cache), false)
 9 FCPATH\index.php(67): CodeIgniter\CodeIgniter->run()
