CRITICAL - 2023-08-14 03:36:45 --> Too few arguments to function App\Controllers\Dashboard::eliminarRegistro(), 0 passed in C:\xampp\htdocs\code\system\CodeIgniter.php on line 932 and exactly 1 expected
in APPPATH\Controllers\Dashboard.php on line 76.
 1 SYSTEMPATH\CodeIgniter.php(932): App\Controllers\Dashboard->eliminarRegistro()
 2 SYSTEMPATH\CodeIgniter.php(497): CodeIgniter\CodeIgniter->runController(Object(App\Controllers\Dashboard))
 3 SYSTEMPATH\CodeIgniter.php(366): CodeIgniter\CodeIgniter->handleRequest(null, Object(Config\Cache), false)
 4 FCPATH\index.php(67): CodeIgniter\CodeIgniter->run()
CRITICAL - 2023-08-14 03:37:53 --> Too few arguments to function App\Controllers\Dashboard::eliminarRegistro(), 0 passed in C:\xampp\htdocs\code\system\CodeIgniter.php on line 932 and exactly 1 expected
in APPPATH\Controllers\Dashboard.php on line 76.
 1 SYSTEMPATH\CodeIgniter.php(932): App\Controllers\Dashboard->eliminarRegistro()
 2 SYSTEMPATH\CodeIgniter.php(497): CodeIgniter\CodeIgniter->runController(Object(App\Controllers\Dashboard))
 3 SYSTEMPATH\CodeIgniter.php(366): CodeIgniter\CodeIgniter->handleRequest(null, Object(Config\Cache), false)
 4 FCPATH\index.php(67): CodeIgniter\CodeIgniter->run()
CRITICAL - 2023-08-14 03:38:10 --> Too few arguments to function App\Controllers\Dashboard::eliminarRegistro(), 0 passed in C:\xampp\htdocs\code\system\CodeIgniter.php on line 932 and exactly 1 expected
in APPPATH\Controllers\Dashboard.php on line 76.
 1 SYSTEMPATH\CodeIgniter.php(932): App\Controllers\Dashboard->eliminarRegistro()
 2 SYSTEMPATH\CodeIgniter.php(497): CodeIgniter\CodeIgniter->runController(Object(App\Controllers\Dashboard))
 3 SYSTEMPATH\CodeIgniter.php(366): CodeIgniter\CodeIgniter->handleRequest(null, Object(Config\Cache), false)
 4 FCPATH\index.php(67): CodeIgniter\CodeIgniter->run()
CRITICAL - 2023-08-14 03:41:18 --> Too few arguments to function App\Controllers\Dashboard::eliminarRegistro(), 0 passed in C:\xampp\htdocs\code\system\CodeIgniter.php on line 932 and exactly 1 expected
in APPPATH\Controllers\Dashboard.php on line 76.
 1 SYSTEMPATH\CodeIgniter.php(932): App\Controllers\Dashboard->eliminarRegistro()
 2 SYSTEMPATH\CodeIgniter.php(497): CodeIgniter\CodeIgniter->runController(Object(App\Controllers\Dashboard))
 3 SYSTEMPATH\CodeIgniter.php(366): CodeIgniter\CodeIgniter->handleRequest(null, Object(Config\Cache), false)
 4 FCPATH\index.php(67): CodeIgniter\CodeIgniter->run()
CRITICAL - 2023-08-14 03:41:30 --> Too few arguments to function App\Controllers\Dashboard::eliminarRegistro(), 0 passed in C:\xampp\htdocs\code\system\CodeIgniter.php on line 932 and exactly 1 expected
in APPPATH\Controllers\Dashboard.php on line 76.
 1 SYSTEMPATH\CodeIgniter.php(932): App\Controllers\Dashboard->eliminarRegistro()
 2 SYSTEMPATH\CodeIgniter.php(497): CodeIgniter\CodeIgniter->runController(Object(App\Controllers\Dashboard))
 3 SYSTEMPATH\CodeIgniter.php(366): CodeIgniter\CodeIgniter->handleRequest(null, Object(Config\Cache), false)
 4 FCPATH\index.php(67): CodeIgniter\CodeIgniter->run()
CRITICAL - 2023-08-14 03:45:35 --> Too few arguments to function App\Controllers\Dashboard::eliminarRegistro(), 0 passed in C:\xampp\htdocs\code\system\CodeIgniter.php on line 932 and exactly 1 expected
in APPPATH\Controllers\Dashboard.php on line 76.
 1 SYSTEMPATH\CodeIgniter.php(932): App\Controllers\Dashboard->eliminarRegistro()
 2 SYSTEMPATH\CodeIgniter.php(497): CodeIgniter\CodeIgniter->runController(Object(App\Controllers\Dashboard))
 3 SYSTEMPATH\CodeIgniter.php(366): CodeIgniter\CodeIgniter->handleRequest(null, Object(Config\Cache), false)
 4 FCPATH\index.php(67): CodeIgniter\CodeIgniter->run()
CRITICAL - 2023-08-14 03:46:58 --> Call to undefined function form_open()
in APPPATH\Views\vistadelete\index.php on line 63.
 1 SYSTEMPATH\View\View.php(224): include()
 2 SYSTEMPATH\View\View.php(227): CodeIgniter\View\View->CodeIgniter\View\{closure}()
 3 SYSTEMPATH\Common.php(1176): CodeIgniter\View\View->render('vistadelete/index', [], true)
 4 APPPATH\Controllers\Dashboard.php(73): view('vistadelete/index', [...])
 5 SYSTEMPATH\CodeIgniter.php(932): App\Controllers\Dashboard->vistaeliminar()
 6 SYSTEMPATH\CodeIgniter.php(497): CodeIgniter\CodeIgniter->runController(Object(App\Controllers\Dashboard))
 7 SYSTEMPATH\CodeIgniter.php(366): CodeIgniter\CodeIgniter->handleRequest(null, Object(Config\Cache), false)
 8 FCPATH\index.php(67): CodeIgniter\CodeIgniter->run()
CRITICAL - 2023-08-14 03:46:59 --> Call to undefined function form_open()
in APPPATH\Views\vistadelete\index.php on line 63.
 1 SYSTEMPATH\View\View.php(224): include()
 2 SYSTEMPATH\View\View.php(227): CodeIgniter\View\View->CodeIgniter\View\{closure}()
 3 SYSTEMPATH\Common.php(1176): CodeIgniter\View\View->render('vistadelete/index', [], true)
 4 APPPATH\Controllers\Dashboard.php(73): view('vistadelete/index', [...])
 5 SYSTEMPATH\CodeIgniter.php(932): App\Controllers\Dashboard->vistaeliminar()
 6 SYSTEMPATH\CodeIgniter.php(497): CodeIgniter\CodeIgniter->runController(Object(App\Controllers\Dashboard))
 7 SYSTEMPATH\CodeIgniter.php(366): CodeIgniter\CodeIgniter->handleRequest(null, Object(Config\Cache), false)
 8 FCPATH\index.php(67): CodeIgniter\CodeIgniter->run()
CRITICAL - 2023-08-14 03:47:22 --> Too few arguments to function App\Controllers\Dashboard::eliminarRegistro(), 0 passed in C:\xampp\htdocs\code\system\CodeIgniter.php on line 932 and exactly 1 expected
in APPPATH\Controllers\Dashboard.php on line 76.
 1 SYSTEMPATH\CodeIgniter.php(932): App\Controllers\Dashboard->eliminarRegistro()
 2 SYSTEMPATH\CodeIgniter.php(497): CodeIgniter\CodeIgniter->runController(Object(App\Controllers\Dashboard))
 3 SYSTEMPATH\CodeIgniter.php(366): CodeIgniter\CodeIgniter->handleRequest(null, Object(Config\Cache), false)
 4 FCPATH\index.php(67): CodeIgniter\CodeIgniter->run()
CRITICAL - 2023-08-14 03:48:10 --> Too few arguments to function App\Controllers\Dashboard::eliminarRegistro(), 0 passed in C:\xampp\htdocs\code\system\CodeIgniter.php on line 932 and exactly 1 expected
in APPPATH\Controllers\Dashboard.php on line 76.
 1 SYSTEMPATH\CodeIgniter.php(932): App\Controllers\Dashboard->eliminarRegistro()
 2 SYSTEMPATH\CodeIgniter.php(497): CodeIgniter\CodeIgniter->runController(Object(App\Controllers\Dashboard))
 3 SYSTEMPATH\CodeIgniter.php(366): CodeIgniter\CodeIgniter->handleRequest(null, Object(Config\Cache), false)
 4 FCPATH\index.php(67): CodeIgniter\CodeIgniter->run()
CRITICAL - 2023-08-14 03:48:31 --> Too few arguments to function App\Controllers\Dashboard::eliminarRegistro(), 0 passed in C:\xampp\htdocs\code\system\CodeIgniter.php on line 932 and exactly 1 expected
in APPPATH\Controllers\Dashboard.php on line 76.
 1 SYSTEMPATH\CodeIgniter.php(932): App\Controllers\Dashboard->eliminarRegistro()
 2 SYSTEMPATH\CodeIgniter.php(497): CodeIgniter\CodeIgniter->runController(Object(App\Controllers\Dashboard))
 3 SYSTEMPATH\CodeIgniter.php(366): CodeIgniter\CodeIgniter->handleRequest(null, Object(Config\Cache), false)
 4 FCPATH\index.php(67): CodeIgniter\CodeIgniter->run()
CRITICAL - 2023-08-14 04:31:48 --> Undefined property: App\Controllers\Dashboard::$load
in APPPATH\Controllers\Dashboard.php on line 93.
 1 APPPATH\Controllers\Dashboard.php(93): CodeIgniter\Debug\Exceptions->errorHandler(2, 'Undefined property: App\\Controllers\\Dashboard::$load', 'C:\\xampp\\htdocs\\code\\app\\Controllers\\Dashboard.php', 93)
 2 SYSTEMPATH\CodeIgniter.php(932): App\Controllers\Dashboard->exportarExcel()
 3 SYSTEMPATH\CodeIgniter.php(497): CodeIgniter\CodeIgniter->runController(Object(App\Controllers\Dashboard))
 4 SYSTEMPATH\CodeIgniter.php(366): CodeIgniter\CodeIgniter->handleRequest(null, Object(Config\Cache), false)
 5 FCPATH\index.php(67): CodeIgniter\CodeIgniter->run()
CRITICAL - 2023-08-14 04:31:52 --> Undefined property: App\Controllers\Dashboard::$load
in APPPATH\Controllers\Dashboard.php on line 93.
 1 APPPATH\Controllers\Dashboard.php(93): CodeIgniter\Debug\Exceptions->errorHandler(2, 'Undefined property: App\\Controllers\\Dashboard::$load', 'C:\\xampp\\htdocs\\code\\app\\Controllers\\Dashboard.php', 93)
 2 SYSTEMPATH\CodeIgniter.php(932): App\Controllers\Dashboard->exportarExcel()
 3 SYSTEMPATH\CodeIgniter.php(497): CodeIgniter\CodeIgniter->runController(Object(App\Controllers\Dashboard))
 4 SYSTEMPATH\CodeIgniter.php(366): CodeIgniter\CodeIgniter->handleRequest(null, Object(Config\Cache), false)
 5 FCPATH\index.php(67): CodeIgniter\CodeIgniter->run()
CRITICAL - 2023-08-14 04:31:59 --> Undefined property: App\Controllers\Dashboard::$load
in APPPATH\Controllers\Dashboard.php on line 93.
 1 APPPATH\Controllers\Dashboard.php(93): CodeIgniter\Debug\Exceptions->errorHandler(2, 'Undefined property: App\\Controllers\\Dashboard::$load', 'C:\\xampp\\htdocs\\code\\app\\Controllers\\Dashboard.php', 93)
 2 SYSTEMPATH\CodeIgniter.php(932): App\Controllers\Dashboard->exportarExcel()
 3 SYSTEMPATH\CodeIgniter.php(497): CodeIgniter\CodeIgniter->runController(Object(App\Controllers\Dashboard))
 4 SYSTEMPATH\CodeIgniter.php(366): CodeIgniter\CodeIgniter->handleRequest(null, Object(Config\Cache), false)
 5 FCPATH\index.php(67): CodeIgniter\CodeIgniter->run()
CRITICAL - 2023-08-14 04:32:06 --> Undefined property: App\Controllers\Dashboard::$load
in APPPATH\Controllers\Dashboard.php on line 93.
 1 APPPATH\Controllers\Dashboard.php(93): CodeIgniter\Debug\Exceptions->errorHandler(2, 'Undefined property: App\\Controllers\\Dashboard::$load', 'C:\\xampp\\htdocs\\code\\app\\Controllers\\Dashboard.php', 93)
 2 SYSTEMPATH\CodeIgniter.php(932): App\Controllers\Dashboard->exportarExcel()
 3 SYSTEMPATH\CodeIgniter.php(497): CodeIgniter\CodeIgniter->runController(Object(App\Controllers\Dashboard))
 4 SYSTEMPATH\CodeIgniter.php(366): CodeIgniter\CodeIgniter->handleRequest(null, Object(Config\Cache), false)
 5 FCPATH\index.php(67): CodeIgniter\CodeIgniter->run()
CRITICAL - 2023-08-14 04:32:22 --> Undefined property: App\Controllers\Dashboard::$load
in APPPATH\Controllers\Dashboard.php on line 93.
 1 APPPATH\Controllers\Dashboard.php(93): CodeIgniter\Debug\Exceptions->errorHandler(2, 'Undefined property: App\\Controllers\\Dashboard::$load', 'C:\\xampp\\htdocs\\code\\app\\Controllers\\Dashboard.php', 93)
 2 SYSTEMPATH\CodeIgniter.php(932): App\Controllers\Dashboard->exportarExcel()
 3 SYSTEMPATH\CodeIgniter.php(497): CodeIgniter\CodeIgniter->runController(Object(App\Controllers\Dashboard))
 4 SYSTEMPATH\CodeIgniter.php(366): CodeIgniter\CodeIgniter->handleRequest(null, Object(Config\Cache), false)
 5 FCPATH\index.php(67): CodeIgniter\CodeIgniter->run()
CRITICAL - 2023-08-14 04:32:25 --> Undefined property: App\Controllers\Dashboard::$load
in APPPATH\Controllers\Dashboard.php on line 93.
 1 APPPATH\Controllers\Dashboard.php(93): CodeIgniter\Debug\Exceptions->errorHandler(2, 'Undefined property: App\\Controllers\\Dashboard::$load', 'C:\\xampp\\htdocs\\code\\app\\Controllers\\Dashboard.php', 93)
 2 SYSTEMPATH\CodeIgniter.php(932): App\Controllers\Dashboard->exportarExcel()
 3 SYSTEMPATH\CodeIgniter.php(497): CodeIgniter\CodeIgniter->runController(Object(App\Controllers\Dashboard))
 4 SYSTEMPATH\CodeIgniter.php(366): CodeIgniter\CodeIgniter->handleRequest(null, Object(Config\Cache), false)
 5 FCPATH\index.php(67): CodeIgniter\CodeIgniter->run()
CRITICAL - 2023-08-14 04:44:52 --> Invalid cell coordinate O1A1
in FCPATH\vendor\phpoffice\phpspreadsheet\src\PhpSpreadsheet\Cell\Coordinate.php on line 43.
 1 FCPATH\vendor\phpoffice\phpspreadsheet\src\PhpSpreadsheet\Style\Style.php(229): PhpOffice\PhpSpreadsheet\Cell\Coordinate::coordinateFromString('O1A1')
 2 APPPATH\Models\Ssm.php(90): PhpOffice\PhpSpreadsheet\Style\Style->applyFromArray([...])
 3 APPPATH\Controllers\Dashboard.php(95): App\Models\Ssm->exportarExcel('ssm_data.xlsx')
 4 SYSTEMPATH\CodeIgniter.php(932): App\Controllers\Dashboard->exportarExcel()
 5 SYSTEMPATH\CodeIgniter.php(497): CodeIgniter\CodeIgniter->runController(Object(App\Controllers\Dashboard))
 6 SYSTEMPATH\CodeIgniter.php(366): CodeIgniter\CodeIgniter->handleRequest(null, Object(Config\Cache), false)
 7 FCPATH\index.php(67): CodeIgniter\CodeIgniter->run()
CRITICAL - 2023-08-14 04:44:58 --> Invalid cell coordinate O1A1
in FCPATH\vendor\phpoffice\phpspreadsheet\src\PhpSpreadsheet\Cell\Coordinate.php on line 43.
 1 FCPATH\vendor\phpoffice\phpspreadsheet\src\PhpSpreadsheet\Style\Style.php(229): PhpOffice\PhpSpreadsheet\Cell\Coordinate::coordinateFromString('O1A1')
 2 APPPATH\Models\Ssm.php(90): PhpOffice\PhpSpreadsheet\Style\Style->applyFromArray([...])
 3 APPPATH\Controllers\Dashboard.php(95): App\Models\Ssm->exportarExcel('ssm_data.xlsx')
 4 SYSTEMPATH\CodeIgniter.php(932): App\Controllers\Dashboard->exportarExcel()
 5 SYSTEMPATH\CodeIgniter.php(497): CodeIgniter\CodeIgniter->runController(Object(App\Controllers\Dashboard))
 6 SYSTEMPATH\CodeIgniter.php(366): CodeIgniter\CodeIgniter->handleRequest(null, Object(Config\Cache), false)
 7 FCPATH\index.php(67): CodeIgniter\CodeIgniter->run()
